{"/workspace/api/src/app.ts": {"path":"/workspace/api/src/app.ts","statementMap":{"0":{"start":{"line":2,"column":22},"end":{"line":4,"column":1}},"1":{"start":{"line":3,"column":4},"end":{"line":3,"column":62}},"2":{"start":{"line":5,"column":0},"end":{"line":5,"column":62}},"3":{"start":{"line":6,"column":0},"end":{"line":6,"column":30}},"4":{"start":{"line":7,"column":18},"end":{"line":7,"column":53}},"5":{"start":{"line":8,"column":15},"end":{"line":8,"column":47}},"6":{"start":{"line":9,"column":21},"end":{"line":9,"column":68}},"7":{"start":{"line":10,"column":27},"end":{"line":10,"column":68}},"8":{"start":{"line":16,"column":16},"end":{"line":16,"column":40}},"9":{"start":{"line":17,"column":4},"end":{"line":17,"column":35}},"10":{"start":{"line":18,"column":4},"end":{"line":18,"column":38}},"11":{"start":{"line":19,"column":4},"end":{"line":19,"column":62}},"12":{"start":{"line":20,"column":4},"end":{"line":20,"column":42}},"13":{"start":{"line":21,"column":4},"end":{"line":23,"column":7}},"14":{"start":{"line":22,"column":8},"end":{"line":22,"column":43}},"15":{"start":{"line":24,"column":4},"end":{"line":24,"column":45}},"16":{"start":{"line":25,"column":4},"end":{"line":25,"column":15}}},"fnMap":{"0":{"name":"(anonymous_0)","decl":{"start":{"line":2,"column":56},"end":{"line":2,"column":57}},"loc":{"start":{"line":2,"column":71},"end":{"line":4,"column":1}},"line":2},"1":{"name":"createApp","decl":{"start":{"line":15,"column":9},"end":{"line":15,"column":18}},"loc":{"start":{"line":15,"column":21},"end":{"line":26,"column":1}},"line":15},"2":{"name":"(anonymous_2)","decl":{"start":{"line":21,"column":17},"end":{"line":21,"column":18}},"loc":{"start":{"line":21,"column":32},"end":{"line":23,"column":5}},"line":21}},"branchMap":{"0":{"loc":{"start":{"line":2,"column":22},"end":{"line":4,"column":1}},"type":"binary-expr","locations":[{"start":{"line":2,"column":23},"end":{"line":2,"column":27}},{"start":{"line":2,"column":31},"end":{"line":2,"column":51}},{"start":{"line":2,"column":56},"end":{"line":4,"column":1}}],"line":2},"1":{"loc":{"start":{"line":3,"column":11},"end":{"line":3,"column":61}},"type":"cond-expr","locations":[{"start":{"line":3,"column":37},"end":{"line":3,"column":40}},{"start":{"line":3,"column":43},"end":{"line":3,"column":61}}],"line":3},"2":{"loc":{"start":{"line":3,"column":12},"end":{"line":3,"column":33}},"type":"binary-expr","locations":[{"start":{"line":3,"column":12},"end":{"line":3,"column":15}},{"start":{"line":3,"column":19},"end":{"line":3,"column":33}}],"line":3}},"s":{"0":2,"1":6,"2":2,"3":2,"4":2,"5":2,"6":2,"7":2,"8":2,"9":2,"10":2,"11":2,"12":2,"13":2,"14":0,"15":2,"16":2},"f":{"0":6,"1":2,"2":0},"b":{"0":[2,2,2],"1":[2,4],"2":[6,6]},"_coverageSchema":"1a1c01bbd47fc00a2c39e90264f33305004495a9","hash":"5b2423ed5cbd011ee4d3bbc32a7468b0fc5aaa56"}
,"/workspace/api/src/config/env.ts": {"path":"/workspace/api/src/config/env.ts","statementMap":{"0":{"start":{"line":2,"column":22},"end":{"line":4,"column":1}},"1":{"start":{"line":3,"column":4},"end":{"line":3,"column":62}},"2":{"start":{"line":5,"column":0},"end":{"line":5,"column":62}},"3":{"start":{"line":6,"column":17},"end":{"line":6,"column":51}},"4":{"start":{"line":7,"column":15},"end":{"line":7,"column":47}},"5":{"start":{"line":8,"column":13},"end":{"line":8,"column":43}},"6":{"start":{"line":10,"column":16},"end":{"line":10,"column":61}},"7":{"start":{"line":11,"column":0},"end":{"line":13,"column":1}},"8":{"start":{"line":12,"column":4},"end":{"line":12,"column":47}},"9":{"start":{"line":15,"column":17},"end":{"line":15,"column":263}},"10":{"start":{"line":16,"column":0},"end":{"line":23,"column":2}}},"fnMap":{"0":{"name":"(anonymous_0)","decl":{"start":{"line":2,"column":56},"end":{"line":2,"column":57}},"loc":{"start":{"line":2,"column":71},"end":{"line":4,"column":1}},"line":2}},"branchMap":{"0":{"loc":{"start":{"line":2,"column":22},"end":{"line":4,"column":1}},"type":"binary-expr","locations":[{"start":{"line":2,"column":23},"end":{"line":2,"column":27}},{"start":{"line":2,"column":31},"end":{"line":2,"column":51}},{"start":{"line":2,"column":56},"end":{"line":4,"column":1}}],"line":2},"1":{"loc":{"start":{"line":3,"column":11},"end":{"line":3,"column":61}},"type":"cond-expr","locations":[{"start":{"line":3,"column":37},"end":{"line":3,"column":40}},{"start":{"line":3,"column":43},"end":{"line":3,"column":61}}],"line":3},"2":{"loc":{"start":{"line":3,"column":12},"end":{"line":3,"column":33}},"type":"binary-expr","locations":[{"start":{"line":3,"column":12},"end":{"line":3,"column":15}},{"start":{"line":3,"column":19},"end":{"line":3,"column":33}}],"line":3},"3":{"loc":{"start":{"line":11,"column":0},"end":{"line":13,"column":1}},"type":"if","locations":[{"start":{"line":11,"column":0},"end":{"line":13,"column":1}},{"start":{},"end":{}}],"line":11},"4":{"loc":{"start":{"line":15,"column":124},"end":{"line":15,"column":188}},"type":"cond-expr","locations":[{"start":{"line":15,"column":152},"end":{"line":15,"column":183}},{"start":{"line":15,"column":186},"end":{"line":15,"column":188}}],"line":15},"5":{"loc":{"start":{"line":15,"column":224},"end":{"line":15,"column":261}},"type":"binary-expr","locations":[{"start":{"line":15,"column":224},"end":{"line":15,"column":255}},{"start":{"line":15,"column":259},"end":{"line":15,"column":261}}],"line":15},"6":{"loc":{"start":{"line":17,"column":10},"end":{"line":17,"column":34}},"type":"binary-expr","locations":[{"start":{"line":17,"column":10},"end":{"line":17,"column":26}},{"start":{"line":17,"column":30},"end":{"line":17,"column":34}}],"line":17},"7":{"loc":{"start":{"line":18,"column":12},"end":{"line":18,"column":58}},"type":"binary-expr","locations":[{"start":{"line":18,"column":12},"end":{"line":18,"column":30}},{"start":{"line":18,"column":34},"end":{"line":18,"column":58}}],"line":18},"8":{"loc":{"start":{"line":22,"column":9},"end":{"line":22,"column":46}},"type":"binary-expr","locations":[{"start":{"line":22,"column":9},"end":{"line":22,"column":29}},{"start":{"line":22,"column":33},"end":{"line":22,"column":46}}],"line":22}},"s":{"0":2,"1":6,"2":2,"3":2,"4":2,"5":2,"6":2,"7":2,"8":0,"9":2,"10":2},"f":{"0":6},"b":{"0":[2,2,2],"1":[0,6],"2":[6,6],"3":[0,2],"4":[0,2],"5":[2,2],"6":[2,2],"7":[2,2],"8":[2,0]},"_coverageSchema":"1a1c01bbd47fc00a2c39e90264f33305004495a9","hash":"9658345c8977ae8e88898e48f159612a9b4c9130"}
,"/workspace/api/src/controllers/ClientController.ts": {"path":"/workspace/api/src/controllers/ClientController.ts","statementMap":{"0":{"start":{"line":2,"column":22},"end":{"line":12,"column":3}},"1":{"start":{"line":3,"column":4},"end":{"line":3,"column":33}},"2":{"start":{"line":3,"column":26},"end":{"line":3,"column":33}},"3":{"start":{"line":4,"column":15},"end":{"line":4,"column":52}},"4":{"start":{"line":5,"column":4},"end":{"line":7,"column":5}},"5":{"start":{"line":6,"column":6},"end":{"line":6,"column":68}},"6":{"start":{"line":6,"column":51},"end":{"line":6,"column":63}},"7":{"start":{"line":8,"column":4},"end":{"line":8,"column":39}},"8":{"start":{"line":10,"column":4},"end":{"line":10,"column":33}},"9":{"start":{"line":10,"column":26},"end":{"line":10,"column":33}},"10":{"start":{"line":11,"column":4},"end":{"line":11,"column":17}},"11":{"start":{"line":13,"column":25},"end":{"line":17,"column":2}},"12":{"start":{"line":14,"column":4},"end":{"line":14,"column":72}},"13":{"start":{"line":16,"column":4},"end":{"line":16,"column":21}},"14":{"start":{"line":18,"column":19},"end":{"line":34,"column":4}},"15":{"start":{"line":19,"column":18},"end":{"line":26,"column":5}},"16":{"start":{"line":20,"column":8},"end":{"line":24,"column":10}},"17":{"start":{"line":21,"column":21},"end":{"line":21,"column":23}},"18":{"start":{"line":22,"column":12},"end":{"line":22,"column":95}},"19":{"start":{"line":22,"column":29},"end":{"line":22,"column":95}},"20":{"start":{"line":22,"column":77},"end":{"line":22,"column":95}},"21":{"start":{"line":23,"column":12},"end":{"line":23,"column":22}},"22":{"start":{"line":25,"column":8},"end":{"line":25,"column":26}},"23":{"start":{"line":27,"column":4},"end":{"line":33,"column":6}},"24":{"start":{"line":28,"column":8},"end":{"line":28,"column":46}},"25":{"start":{"line":28,"column":35},"end":{"line":28,"column":46}},"26":{"start":{"line":29,"column":21},"end":{"line":29,"column":23}},"27":{"start":{"line":30,"column":8},"end":{"line":30,"column":137}},"28":{"start":{"line":30,"column":25},"end":{"line":30,"column":137}},"29":{"start":{"line":30,"column":38},"end":{"line":30,"column":50}},"30":{"start":{"line":30,"column":56},"end":{"line":30,"column":57}},"31":{"start":{"line":30,"column":78},"end":{"line":30,"column":137}},"32":{"start":{"line":30,"column":102},"end":{"line":30,"column":137}},"33":{"start":{"line":31,"column":8},"end":{"line":31,"column":40}},"34":{"start":{"line":32,"column":8},"end":{"line":32,"column":22}},"35":{"start":{"line":35,"column":16},"end":{"line":43,"column":1}},"36":{"start":{"line":36,"column":28},"end":{"line":36,"column":110}},"37":{"start":{"line":36,"column":91},"end":{"line":36,"column":106}},"38":{"start":{"line":37,"column":4},"end":{"line":42,"column":7}},"39":{"start":{"line":38,"column":36},"end":{"line":38,"column":97}},"40":{"start":{"line":38,"column":42},"end":{"line":38,"column":70}},"41":{"start":{"line":38,"column":85},"end":{"line":38,"column":95}},"42":{"start":{"line":39,"column":35},"end":{"line":39,"column":100}},"43":{"start":{"line":39,"column":41},"end":{"line":39,"column":73}},"44":{"start":{"line":39,"column":88},"end":{"line":39,"column":98}},"45":{"start":{"line":40,"column":32},"end":{"line":40,"column":116}},"46":{"start":{"line":41,"column":8},"end":{"line":41,"column":78}},"47":{"start":{"line":44,"column":0},"end":{"line":44,"column":62}},"48":{"start":{"line":45,"column":24},"end":{"line":45,"column":74}},"49":{"start":{"line":46,"column":20},"end":{"line":46,"column":47}},"50":{"start":{"line":49,"column":8},"end":{"line":68,"column":11}},"51":{"start":{"line":50,"column":12},"end":{"line":67,"column":13}},"52":{"start":{"line":51,"column":47},"end":{"line":51,"column":55}},"53":{"start":{"line":52,"column":31},"end":{"line":52,"column":91}},"54":{"start":{"line":53,"column":16},"end":{"line":57,"column":19}},"55":{"start":{"line":60,"column":16},"end":{"line":65,"column":17}},"56":{"start":{"line":61,"column":20},"end":{"line":64,"column":23}},"57":{"start":{"line":66,"column":16},"end":{"line":66,"column":28}},"58":{"start":{"line":71,"column":8},"end":{"line":91,"column":11}},"59":{"start":{"line":72,"column":12},"end":{"line":90,"column":13}},"60":{"start":{"line":73,"column":29},"end":{"line":73,"column":51}},"61":{"start":{"line":74,"column":30},"end":{"line":74,"column":53}},"62":{"start":{"line":75,"column":31},"end":{"line":75,"column":47}},"63":{"start":{"line":76,"column":31},"end":{"line":76,"column":90}},"64":{"start":{"line":77,"column":16},"end":{"line":86,"column":19}},"65":{"start":{"line":81,"column":60},"end":{"line":81,"column":99}},"66":{"start":{"line":89,"column":16},"end":{"line":89,"column":28}},"67":{"start":{"line":94,"column":8},"end":{"line":116,"column":11}},"68":{"start":{"line":96,"column":12},"end":{"line":115,"column":13}},"69":{"start":{"line":97,"column":38},"end":{"line":97,"column":112}},"70":{"start":{"line":98,"column":31},"end":{"line":100,"column":18}},"71":{"start":{"line":101,"column":16},"end":{"line":105,"column":19}},"72":{"start":{"line":108,"column":16},"end":{"line":113,"column":17}},"73":{"start":{"line":109,"column":20},"end":{"line":112,"column":23}},"74":{"start":{"line":114,"column":16},"end":{"line":114,"column":28}},"75":{"start":{"line":119,"column":8},"end":{"line":137,"column":11}},"76":{"start":{"line":120,"column":12},"end":{"line":136,"column":13}},"77":{"start":{"line":121,"column":31},"end":{"line":121,"column":86}},"78":{"start":{"line":122,"column":16},"end":{"line":126,"column":19}},"79":{"start":{"line":129,"column":16},"end":{"line":134,"column":17}},"80":{"start":{"line":130,"column":20},"end":{"line":133,"column":23}},"81":{"start":{"line":135,"column":16},"end":{"line":135,"column":28}},"82":{"start":{"line":140,"column":8},"end":{"line":158,"column":11}},"83":{"start":{"line":141,"column":12},"end":{"line":157,"column":13}},"84":{"start":{"line":142,"column":31},"end":{"line":142,"column":86}},"85":{"start":{"line":143,"column":16},"end":{"line":147,"column":19}},"86":{"start":{"line":150,"column":16},"end":{"line":155,"column":17}},"87":{"start":{"line":151,"column":20},"end":{"line":154,"column":23}},"88":{"start":{"line":156,"column":16},"end":{"line":156,"column":28}},"89":{"start":{"line":161,"column":0},"end":{"line":161,"column":41}}},"fnMap":{"0":{"name":"(anonymous_0)","decl":{"start":{"line":2,"column":74},"end":{"line":2,"column":75}},"loc":{"start":{"line":2,"column":96},"end":{"line":9,"column":1}},"line":2},"1":{"name":"(anonymous_1)","decl":{"start":{"line":6,"column":38},"end":{"line":6,"column":39}},"loc":{"start":{"line":6,"column":49},"end":{"line":6,"column":65}},"line":6},"2":{"name":"(anonymous_2)","decl":{"start":{"line":9,"column":6},"end":{"line":9,"column":7}},"loc":{"start":{"line":9,"column":28},"end":{"line":12,"column":1}},"line":9},"3":{"name":"(anonymous_3)","decl":{"start":{"line":13,"column":80},"end":{"line":13,"column":81}},"loc":{"start":{"line":13,"column":95},"end":{"line":15,"column":1}},"line":13},"4":{"name":"(anonymous_4)","decl":{"start":{"line":15,"column":5},"end":{"line":15,"column":6}},"loc":{"start":{"line":15,"column":20},"end":{"line":17,"column":1}},"line":15},"5":{"name":"(anonymous_5)","decl":{"start":{"line":18,"column":51},"end":{"line":18,"column":52}},"loc":{"start":{"line":18,"column":63},"end":{"line":34,"column":1}},"line":18},"6":{"name":"(anonymous_6)","decl":{"start":{"line":19,"column":18},"end":{"line":19,"column":19}},"loc":{"start":{"line":19,"column":30},"end":{"line":26,"column":5}},"line":19},"7":{"name":"(anonymous_7)","decl":{"start":{"line":20,"column":48},"end":{"line":20,"column":49}},"loc":{"start":{"line":20,"column":61},"end":{"line":24,"column":9}},"line":20},"8":{"name":"(anonymous_8)","decl":{"start":{"line":27,"column":11},"end":{"line":27,"column":12}},"loc":{"start":{"line":27,"column":26},"end":{"line":33,"column":5}},"line":27},"9":{"name":"(anonymous_9)","decl":{"start":{"line":35,"column":44},"end":{"line":35,"column":45}},"loc":{"start":{"line":35,"column":89},"end":{"line":43,"column":1}},"line":35},"10":{"name":"adopt","decl":{"start":{"line":36,"column":13},"end":{"line":36,"column":18}},"loc":{"start":{"line":36,"column":26},"end":{"line":36,"column":112}},"line":36},"11":{"name":"(anonymous_11)","decl":{"start":{"line":36,"column":70},"end":{"line":36,"column":71}},"loc":{"start":{"line":36,"column":89},"end":{"line":36,"column":108}},"line":36},"12":{"name":"(anonymous_12)","decl":{"start":{"line":37,"column":36},"end":{"line":37,"column":37}},"loc":{"start":{"line":37,"column":63},"end":{"line":42,"column":5}},"line":37},"13":{"name":"fulfilled","decl":{"start":{"line":38,"column":17},"end":{"line":38,"column":26}},"loc":{"start":{"line":38,"column":34},"end":{"line":38,"column":99}},"line":38},"14":{"name":"rejected","decl":{"start":{"line":39,"column":17},"end":{"line":39,"column":25}},"loc":{"start":{"line":39,"column":33},"end":{"line":39,"column":102}},"line":39},"15":{"name":"step","decl":{"start":{"line":40,"column":17},"end":{"line":40,"column":21}},"loc":{"start":{"line":40,"column":30},"end":{"line":40,"column":118}},"line":40},"16":{"name":"(anonymous_16)","decl":{"start":{"line":48,"column":4},"end":{"line":48,"column":5}},"loc":{"start":{"line":48,"column":27},"end":{"line":69,"column":5}},"line":48},"17":{"name":"(anonymous_17)","decl":{"start":{"line":49,"column":47},"end":{"line":49,"column":48}},"loc":{"start":{"line":49,"column":60},"end":{"line":68,"column":9}},"line":49},"18":{"name":"(anonymous_18)","decl":{"start":{"line":70,"column":4},"end":{"line":70,"column":5}},"loc":{"start":{"line":70,"column":25},"end":{"line":92,"column":5}},"line":70},"19":{"name":"(anonymous_19)","decl":{"start":{"line":71,"column":47},"end":{"line":71,"column":48}},"loc":{"start":{"line":71,"column":60},"end":{"line":91,"column":9}},"line":71},"20":{"name":"(anonymous_20)","decl":{"start":{"line":81,"column":48},"end":{"line":81,"column":49}},"loc":{"start":{"line":81,"column":60},"end":{"line":81,"column":99}},"line":81},"21":{"name":"(anonymous_21)","decl":{"start":{"line":93,"column":4},"end":{"line":93,"column":5}},"loc":{"start":{"line":93,"column":28},"end":{"line":117,"column":5}},"line":93},"22":{"name":"(anonymous_22)","decl":{"start":{"line":94,"column":47},"end":{"line":94,"column":48}},"loc":{"start":{"line":94,"column":60},"end":{"line":116,"column":9}},"line":94},"23":{"name":"(anonymous_23)","decl":{"start":{"line":118,"column":4},"end":{"line":118,"column":5}},"loc":{"start":{"line":118,"column":31},"end":{"line":138,"column":5}},"line":118},"24":{"name":"(anonymous_24)","decl":{"start":{"line":119,"column":47},"end":{"line":119,"column":48}},"loc":{"start":{"line":119,"column":60},"end":{"line":137,"column":9}},"line":119},"25":{"name":"(anonymous_25)","decl":{"start":{"line":139,"column":4},"end":{"line":139,"column":5}},"loc":{"start":{"line":139,"column":31},"end":{"line":159,"column":5}},"line":139},"26":{"name":"(anonymous_26)","decl":{"start":{"line":140,"column":47},"end":{"line":140,"column":48}},"loc":{"start":{"line":140,"column":60},"end":{"line":158,"column":9}},"line":140}},"branchMap":{"0":{"loc":{"start":{"line":2,"column":22},"end":{"line":12,"column":3}},"type":"binary-expr","locations":[{"start":{"line":2,"column":23},"end":{"line":2,"column":27}},{"start":{"line":2,"column":31},"end":{"line":2,"column":51}},{"start":{"line":2,"column":57},"end":{"line":12,"column":2}}],"line":2},"1":{"loc":{"start":{"line":2,"column":57},"end":{"line":12,"column":2}},"type":"cond-expr","locations":[{"start":{"line":2,"column":74},"end":{"line":9,"column":1}},{"start":{"line":9,"column":6},"end":{"line":12,"column":1}}],"line":2},"2":{"loc":{"start":{"line":3,"column":4},"end":{"line":3,"column":33}},"type":"if","locations":[{"start":{"line":3,"column":4},"end":{"line":3,"column":33}},{"start":{},"end":{}}],"line":3},"3":{"loc":{"start":{"line":5,"column":4},"end":{"line":7,"column":5}},"type":"if","locations":[{"start":{"line":5,"column":4},"end":{"line":7,"column":5}},{"start":{},"end":{}}],"line":5},"4":{"loc":{"start":{"line":5,"column":8},"end":{"line":5,"column":85}},"type":"binary-expr","locations":[{"start":{"line":5,"column":8},"end":{"line":5,"column":13}},{"start":{"line":5,"column":18},"end":{"line":5,"column":84}}],"line":5},"5":{"loc":{"start":{"line":5,"column":18},"end":{"line":5,"column":84}},"type":"cond-expr","locations":[{"start":{"line":5,"column":34},"end":{"line":5,"column":47}},{"start":{"line":5,"column":50},"end":{"line":5,"column":84}}],"line":5},"6":{"loc":{"start":{"line":5,"column":50},"end":{"line":5,"column":84}},"type":"binary-expr","locations":[{"start":{"line":5,"column":50},"end":{"line":5,"column":63}},{"start":{"line":5,"column":67},"end":{"line":5,"column":84}}],"line":5},"7":{"loc":{"start":{"line":10,"column":4},"end":{"line":10,"column":33}},"type":"if","locations":[{"start":{"line":10,"column":4},"end":{"line":10,"column":33}},{"start":{},"end":{}}],"line":10},"8":{"loc":{"start":{"line":13,"column":25},"end":{"line":17,"column":2}},"type":"binary-expr","locations":[{"start":{"line":13,"column":26},"end":{"line":13,"column":30}},{"start":{"line":13,"column":34},"end":{"line":13,"column":57}},{"start":{"line":13,"column":63},"end":{"line":17,"column":1}}],"line":13},"9":{"loc":{"start":{"line":13,"column":63},"end":{"line":17,"column":1}},"type":"cond-expr","locations":[{"start":{"line":13,"column":80},"end":{"line":15,"column":1}},{"start":{"line":15,"column":5},"end":{"line":17,"column":1}}],"line":13},"10":{"loc":{"start":{"line":18,"column":19},"end":{"line":34,"column":4}},"type":"binary-expr","locations":[{"start":{"line":18,"column":20},"end":{"line":18,"column":24}},{"start":{"line":18,"column":28},"end":{"line":18,"column":45}},{"start":{"line":18,"column":50},"end":{"line":34,"column":4}}],"line":18},"11":{"loc":{"start":{"line":20,"column":18},"end":{"line":24,"column":9}},"type":"binary-expr","locations":[{"start":{"line":20,"column":18},"end":{"line":20,"column":44}},{"start":{"line":20,"column":48},"end":{"line":24,"column":9}}],"line":20},"12":{"loc":{"start":{"line":22,"column":29},"end":{"line":22,"column":95}},"type":"if","locations":[{"start":{"line":22,"column":29},"end":{"line":22,"column":95}},{"start":{},"end":{}}],"line":22},"13":{"loc":{"start":{"line":28,"column":8},"end":{"line":28,"column":46}},"type":"if","locations":[{"start":{"line":28,"column":8},"end":{"line":28,"column":46}},{"start":{},"end":{}}],"line":28},"14":{"loc":{"start":{"line":28,"column":12},"end":{"line":28,"column":33}},"type":"binary-expr","locations":[{"start":{"line":28,"column":12},"end":{"line":28,"column":15}},{"start":{"line":28,"column":19},"end":{"line":28,"column":33}}],"line":28},"15":{"loc":{"start":{"line":30,"column":8},"end":{"line":30,"column":137}},"type":"if","locations":[{"start":{"line":30,"column":8},"end":{"line":30,"column":137}},{"start":{},"end":{}}],"line":30},"16":{"loc":{"start":{"line":30,"column":78},"end":{"line":30,"column":137}},"type":"if","locations":[{"start":{"line":30,"column":78},"end":{"line":30,"column":137}},{"start":{},"end":{}}],"line":30},"17":{"loc":{"start":{"line":35,"column":16},"end":{"line":43,"column":1}},"type":"binary-expr","locations":[{"start":{"line":35,"column":17},"end":{"line":35,"column":21}},{"start":{"line":35,"column":25},"end":{"line":35,"column":39}},{"start":{"line":35,"column":44},"end":{"line":43,"column":1}}],"line":35},"18":{"loc":{"start":{"line":36,"column":35},"end":{"line":36,"column":109}},"type":"cond-expr","locations":[{"start":{"line":36,"column":56},"end":{"line":36,"column":61}},{"start":{"line":36,"column":64},"end":{"line":36,"column":109}}],"line":36},"19":{"loc":{"start":{"line":37,"column":16},"end":{"line":37,"column":34}},"type":"binary-expr","locations":[{"start":{"line":37,"column":16},"end":{"line":37,"column":17}},{"start":{"line":37,"column":22},"end":{"line":37,"column":33}}],"line":37},"20":{"loc":{"start":{"line":40,"column":32},"end":{"line":40,"column":115}},"type":"cond-expr","locations":[{"start":{"line":40,"column":46},"end":{"line":40,"column":67}},{"start":{"line":40,"column":70},"end":{"line":40,"column":115}}],"line":40},"21":{"loc":{"start":{"line":41,"column":51},"end":{"line":41,"column":67}},"type":"binary-expr","locations":[{"start":{"line":41,"column":51},"end":{"line":41,"column":61}},{"start":{"line":41,"column":65},"end":{"line":41,"column":67}}],"line":41},"22":{"loc":{"start":{"line":60,"column":16},"end":{"line":65,"column":17}},"type":"if","locations":[{"start":{"line":60,"column":16},"end":{"line":65,"column":17}},{"start":{},"end":{}}],"line":60},"23":{"loc":{"start":{"line":97,"column":39},"end":{"line":97,"column":99}},"type":"cond-expr","locations":[{"start":{"line":97,"column":83},"end":{"line":97,"column":89}},{"start":{"line":97,"column":92},"end":{"line":97,"column":99}}],"line":97},"24":{"loc":{"start":{"line":97,"column":39},"end":{"line":97,"column":80}},"type":"binary-expr","locations":[{"start":{"line":97,"column":39},"end":{"line":97,"column":63}},{"start":{"line":97,"column":67},"end":{"line":97,"column":80}}],"line":97},"25":{"loc":{"start":{"line":108,"column":16},"end":{"line":113,"column":17}},"type":"if","locations":[{"start":{"line":108,"column":16},"end":{"line":113,"column":17}},{"start":{},"end":{}}],"line":108},"26":{"loc":{"start":{"line":129,"column":16},"end":{"line":134,"column":17}},"type":"if","locations":[{"start":{"line":129,"column":16},"end":{"line":134,"column":17}},{"start":{},"end":{}}],"line":129},"27":{"loc":{"start":{"line":150,"column":16},"end":{"line":155,"column":17}},"type":"if","locations":[{"start":{"line":150,"column":16},"end":{"line":155,"column":17}},{"start":{},"end":{}}],"line":150}},"s":{"0":2,"1":0,"2":0,"3":0,"4":0,"5":0,"6":0,"7":0,"8":0,"9":0,"10":0,"11":2,"12":0,"13":0,"14":2,"15":2,"16":0,"17":0,"18":0,"19":0,"20":0,"21":0,"22":0,"23":2,"24":2,"25":2,"26":0,"27":0,"28":0,"29":0,"30":0,"31":0,"32":0,"33":0,"34":0,"35":2,"36":22,"37":0,"38":22,"39":17,"40":17,"41":0,"42":5,"43":5,"44":0,"45":44,"46":22,"47":2,"48":2,"49":2,"50":6,"51":6,"52":6,"53":6,"54":5,"55":1,"56":1,"57":0,"58":6,"59":6,"60":6,"61":6,"62":6,"63":6,"64":6,"65":9,"66":0,"67":4,"68":4,"69":4,"70":4,"71":2,"72":2,"73":2,"74":0,"75":3,"76":3,"77":3,"78":2,"79":1,"80":1,"81":0,"82":3,"83":3,"84":3,"85":2,"86":1,"87":1,"88":0,"89":2},"f":{"0":0,"1":0,"2":0,"3":0,"4":0,"5":2,"6":0,"7":0,"8":2,"9":22,"10":22,"11":0,"12":22,"13":17,"14":5,"15":44,"16":6,"17":6,"18":6,"19":6,"20":9,"21":4,"22":4,"23":3,"24":3,"25":3,"26":3},"b":{"0":[2,2,2],"1":[2,0],"2":[0,0],"3":[0,0],"4":[0,0],"5":[0,0],"6":[0,0],"7":[0,0],"8":[2,2,2],"9":[2,0],"10":[2,2,2],"11":[0,0],"12":[0,0],"13":[2,0],"14":[2,2],"15":[0,0],"16":[0,0],"17":[2,2,2],"18":[22,0],"19":[22,22],"20":[22,22],"21":[22,22],"22":[1,0],"23":[0,4],"24":[4,4],"25":[2,0],"26":[1,0],"27":[1,0]},"_coverageSchema":"1a1c01bbd47fc00a2c39e90264f33305004495a9","hash":"6707fb7fadcfc299858880846a66e43d487e3231"}
,"/workspace/api/src/controllers/ContactController.ts": {"path":"/workspace/api/src/controllers/ContactController.ts","statementMap":{"0":{"start":{"line":2,"column":16},"end":{"line":10,"column":1}},"1":{"start":{"line":3,"column":28},"end":{"line":3,"column":110}},"2":{"start":{"line":3,"column":91},"end":{"line":3,"column":106}},"3":{"start":{"line":4,"column":4},"end":{"line":9,"column":7}},"4":{"start":{"line":5,"column":36},"end":{"line":5,"column":97}},"5":{"start":{"line":5,"column":42},"end":{"line":5,"column":70}},"6":{"start":{"line":5,"column":85},"end":{"line":5,"column":95}},"7":{"start":{"line":6,"column":35},"end":{"line":6,"column":100}},"8":{"start":{"line":6,"column":41},"end":{"line":6,"column":73}},"9":{"start":{"line":6,"column":88},"end":{"line":6,"column":98}},"10":{"start":{"line":7,"column":32},"end":{"line":7,"column":116}},"11":{"start":{"line":8,"column":8},"end":{"line":8,"column":78}},"12":{"start":{"line":11,"column":22},"end":{"line":13,"column":1}},"13":{"start":{"line":12,"column":4},"end":{"line":12,"column":62}},"14":{"start":{"line":14,"column":0},"end":{"line":14,"column":62}},"15":{"start":{"line":15,"column":0},"end":{"line":15,"column":35}},"16":{"start":{"line":16,"column":18},"end":{"line":16,"column":63}},"17":{"start":{"line":33,"column":8},"end":{"line":48,"column":11}},"18":{"start":{"line":34,"column":12},"end":{"line":47,"column":13}},"19":{"start":{"line":35,"column":33},"end":{"line":35,"column":63}},"20":{"start":{"line":36,"column":16},"end":{"line":40,"column":19}},"21":{"start":{"line":43,"column":16},"end":{"line":46,"column":19}},"22":{"start":{"line":88,"column":8},"end":{"line":114,"column":11}},"23":{"start":{"line":89,"column":12},"end":{"line":113,"column":13}},"24":{"start":{"line":91,"column":40},"end":{"line":91,"column":107}},"25":{"start":{"line":92,"column":16},"end":{"line":98,"column":17}},"26":{"start":{"line":93,"column":20},"end":{"line":96,"column":23}},"27":{"start":{"line":97,"column":20},"end":{"line":97,"column":27}},"28":{"start":{"line":100,"column":32},"end":{"line":100,"column":63}},"29":{"start":{"line":102,"column":16},"end":{"line":102,"column":37}},"30":{"start":{"line":103,"column":16},"end":{"line":106,"column":19}},"31":{"start":{"line":109,"column":16},"end":{"line":112,"column":19}},"32":{"start":{"line":137,"column":8},"end":{"line":158,"column":11}},"33":{"start":{"line":138,"column":12},"end":{"line":157,"column":13}},"34":{"start":{"line":139,"column":32},"end":{"line":139,"column":87}},"35":{"start":{"line":140,"column":16},"end":{"line":146,"column":17}},"36":{"start":{"line":141,"column":20},"end":{"line":144,"column":23}},"37":{"start":{"line":145,"column":20},"end":{"line":145,"column":27}},"38":{"start":{"line":147,"column":16},"end":{"line":150,"column":19}},"39":{"start":{"line":153,"column":16},"end":{"line":156,"column":19}},"40":{"start":{"line":200,"column":8},"end":{"line":221,"column":11}},"41":{"start":{"line":201,"column":12},"end":{"line":220,"column":13}},"42":{"start":{"line":202,"column":32},"end":{"line":202,"column":121}},"43":{"start":{"line":203,"column":16},"end":{"line":209,"column":17}},"44":{"start":{"line":204,"column":20},"end":{"line":207,"column":23}},"45":{"start":{"line":208,"column":20},"end":{"line":208,"column":27}},"46":{"start":{"line":210,"column":16},"end":{"line":213,"column":19}},"47":{"start":{"line":216,"column":16},"end":{"line":219,"column":19}},"48":{"start":{"line":244,"column":8},"end":{"line":258,"column":11}},"49":{"start":{"line":245,"column":12},"end":{"line":257,"column":13}},"50":{"start":{"line":246,"column":16},"end":{"line":246,"column":81}},"51":{"start":{"line":247,"column":16},"end":{"line":250,"column":19}},"52":{"start":{"line":253,"column":16},"end":{"line":256,"column":19}},"53":{"start":{"line":261,"column":0},"end":{"line":261,"column":46}},"54":{"start":{"line":262,"column":0},"end":{"line":262,"column":42}}},"fnMap":{"0":{"name":"(anonymous_0)","decl":{"start":{"line":2,"column":44},"end":{"line":2,"column":45}},"loc":{"start":{"line":2,"column":89},"end":{"line":10,"column":1}},"line":2},"1":{"name":"adopt","decl":{"start":{"line":3,"column":13},"end":{"line":3,"column":18}},"loc":{"start":{"line":3,"column":26},"end":{"line":3,"column":112}},"line":3},"2":{"name":"(anonymous_2)","decl":{"start":{"line":3,"column":70},"end":{"line":3,"column":71}},"loc":{"start":{"line":3,"column":89},"end":{"line":3,"column":108}},"line":3},"3":{"name":"(anonymous_3)","decl":{"start":{"line":4,"column":36},"end":{"line":4,"column":37}},"loc":{"start":{"line":4,"column":63},"end":{"line":9,"column":5}},"line":4},"4":{"name":"fulfilled","decl":{"start":{"line":5,"column":17},"end":{"line":5,"column":26}},"loc":{"start":{"line":5,"column":34},"end":{"line":5,"column":99}},"line":5},"5":{"name":"rejected","decl":{"start":{"line":6,"column":17},"end":{"line":6,"column":25}},"loc":{"start":{"line":6,"column":33},"end":{"line":6,"column":102}},"line":6},"6":{"name":"step","decl":{"start":{"line":7,"column":17},"end":{"line":7,"column":21}},"loc":{"start":{"line":7,"column":30},"end":{"line":7,"column":118}},"line":7},"7":{"name":"(anonymous_7)","decl":{"start":{"line":11,"column":56},"end":{"line":11,"column":57}},"loc":{"start":{"line":11,"column":71},"end":{"line":13,"column":1}},"line":11},"8":{"name":"(anonymous_8)","decl":{"start":{"line":32,"column":4},"end":{"line":32,"column":5}},"loc":{"start":{"line":32,"column":29},"end":{"line":49,"column":5}},"line":32},"9":{"name":"(anonymous_9)","decl":{"start":{"line":33,"column":47},"end":{"line":33,"column":48}},"loc":{"start":{"line":33,"column":60},"end":{"line":48,"column":9}},"line":33},"10":{"name":"(anonymous_10)","decl":{"start":{"line":87,"column":4},"end":{"line":87,"column":5}},"loc":{"start":{"line":87,"column":28},"end":{"line":115,"column":5}},"line":87},"11":{"name":"(anonymous_11)","decl":{"start":{"line":88,"column":47},"end":{"line":88,"column":48}},"loc":{"start":{"line":88,"column":60},"end":{"line":114,"column":9}},"line":88},"12":{"name":"(anonymous_12)","decl":{"start":{"line":136,"column":4},"end":{"line":136,"column":5}},"loc":{"start":{"line":136,"column":29},"end":{"line":159,"column":5}},"line":136},"13":{"name":"(anonymous_13)","decl":{"start":{"line":137,"column":47},"end":{"line":137,"column":48}},"loc":{"start":{"line":137,"column":60},"end":{"line":158,"column":9}},"line":137},"14":{"name":"(anonymous_14)","decl":{"start":{"line":199,"column":4},"end":{"line":199,"column":5}},"loc":{"start":{"line":199,"column":28},"end":{"line":222,"column":5}},"line":199},"15":{"name":"(anonymous_15)","decl":{"start":{"line":200,"column":47},"end":{"line":200,"column":48}},"loc":{"start":{"line":200,"column":60},"end":{"line":221,"column":9}},"line":200},"16":{"name":"(anonymous_16)","decl":{"start":{"line":243,"column":4},"end":{"line":243,"column":5}},"loc":{"start":{"line":243,"column":28},"end":{"line":259,"column":5}},"line":243},"17":{"name":"(anonymous_17)","decl":{"start":{"line":244,"column":47},"end":{"line":244,"column":48}},"loc":{"start":{"line":244,"column":60},"end":{"line":258,"column":9}},"line":244}},"branchMap":{"0":{"loc":{"start":{"line":2,"column":16},"end":{"line":10,"column":1}},"type":"binary-expr","locations":[{"start":{"line":2,"column":17},"end":{"line":2,"column":21}},{"start":{"line":2,"column":25},"end":{"line":2,"column":39}},{"start":{"line":2,"column":44},"end":{"line":10,"column":1}}],"line":2},"1":{"loc":{"start":{"line":3,"column":35},"end":{"line":3,"column":109}},"type":"cond-expr","locations":[{"start":{"line":3,"column":56},"end":{"line":3,"column":61}},{"start":{"line":3,"column":64},"end":{"line":3,"column":109}}],"line":3},"2":{"loc":{"start":{"line":4,"column":16},"end":{"line":4,"column":34}},"type":"binary-expr","locations":[{"start":{"line":4,"column":16},"end":{"line":4,"column":17}},{"start":{"line":4,"column":22},"end":{"line":4,"column":33}}],"line":4},"3":{"loc":{"start":{"line":7,"column":32},"end":{"line":7,"column":115}},"type":"cond-expr","locations":[{"start":{"line":7,"column":46},"end":{"line":7,"column":67}},{"start":{"line":7,"column":70},"end":{"line":7,"column":115}}],"line":7},"4":{"loc":{"start":{"line":8,"column":51},"end":{"line":8,"column":67}},"type":"binary-expr","locations":[{"start":{"line":8,"column":51},"end":{"line":8,"column":61}},{"start":{"line":8,"column":65},"end":{"line":8,"column":67}}],"line":8},"5":{"loc":{"start":{"line":11,"column":22},"end":{"line":13,"column":1}},"type":"binary-expr","locations":[{"start":{"line":11,"column":23},"end":{"line":11,"column":27}},{"start":{"line":11,"column":31},"end":{"line":11,"column":51}},{"start":{"line":11,"column":56},"end":{"line":13,"column":1}}],"line":11},"6":{"loc":{"start":{"line":12,"column":11},"end":{"line":12,"column":61}},"type":"cond-expr","locations":[{"start":{"line":12,"column":37},"end":{"line":12,"column":40}},{"start":{"line":12,"column":43},"end":{"line":12,"column":61}}],"line":12},"7":{"loc":{"start":{"line":12,"column":12},"end":{"line":12,"column":33}},"type":"binary-expr","locations":[{"start":{"line":12,"column":12},"end":{"line":12,"column":15}},{"start":{"line":12,"column":19},"end":{"line":12,"column":33}}],"line":12},"8":{"loc":{"start":{"line":92,"column":16},"end":{"line":98,"column":17}},"type":"if","locations":[{"start":{"line":92,"column":16},"end":{"line":98,"column":17}},{"start":{},"end":{}}],"line":92},"9":{"loc":{"start":{"line":140,"column":16},"end":{"line":146,"column":17}},"type":"if","locations":[{"start":{"line":140,"column":16},"end":{"line":146,"column":17}},{"start":{},"end":{}}],"line":140},"10":{"loc":{"start":{"line":203,"column":16},"end":{"line":209,"column":17}},"type":"if","locations":[{"start":{"line":203,"column":16},"end":{"line":209,"column":17}},{"start":{},"end":{}}],"line":203}},"s":{"0":2,"1":0,"2":0,"3":0,"4":0,"5":0,"6":0,"7":0,"8":0,"9":0,"10":0,"11":0,"12":2,"13":2,"14":2,"15":2,"16":2,"17":0,"18":0,"19":0,"20":0,"21":0,"22":0,"23":0,"24":0,"25":0,"26":0,"27":0,"28":0,"29":0,"30":0,"31":0,"32":0,"33":0,"34":0,"35":0,"36":0,"37":0,"38":0,"39":0,"40":0,"41":0,"42":0,"43":0,"44":0,"45":0,"46":0,"47":0,"48":0,"49":0,"50":0,"51":0,"52":0,"53":2,"54":2},"f":{"0":0,"1":0,"2":0,"3":0,"4":0,"5":0,"6":0,"7":2,"8":0,"9":0,"10":0,"11":0,"12":0,"13":0,"14":0,"15":0,"16":0,"17":0},"b":{"0":[2,2,2],"1":[0,0],"2":[0,0],"3":[0,0],"4":[0,0],"5":[2,2,2],"6":[2,0],"7":[2,2],"8":[0,0],"9":[0,0],"10":[0,0]},"_coverageSchema":"1a1c01bbd47fc00a2c39e90264f33305004495a9","hash":"7c40c79f1b775d9f8f967150db9622ba65e52d62"}
,"/workspace/api/src/controllers/FavoriteController.ts": {"path":"/workspace/api/src/controllers/FavoriteController.ts","statementMap":{"0":{"start":{"line":2,"column":16},"end":{"line":10,"column":1}},"1":{"start":{"line":3,"column":28},"end":{"line":3,"column":110}},"2":{"start":{"line":3,"column":91},"end":{"line":3,"column":106}},"3":{"start":{"line":4,"column":4},"end":{"line":9,"column":7}},"4":{"start":{"line":5,"column":36},"end":{"line":5,"column":97}},"5":{"start":{"line":5,"column":42},"end":{"line":5,"column":70}},"6":{"start":{"line":5,"column":85},"end":{"line":5,"column":95}},"7":{"start":{"line":6,"column":35},"end":{"line":6,"column":100}},"8":{"start":{"line":6,"column":41},"end":{"line":6,"column":73}},"9":{"start":{"line":6,"column":88},"end":{"line":6,"column":98}},"10":{"start":{"line":7,"column":32},"end":{"line":7,"column":116}},"11":{"start":{"line":8,"column":8},"end":{"line":8,"column":78}},"12":{"start":{"line":11,"column":22},"end":{"line":13,"column":1}},"13":{"start":{"line":12,"column":4},"end":{"line":12,"column":62}},"14":{"start":{"line":14,"column":0},"end":{"line":14,"column":62}},"15":{"start":{"line":15,"column":26},"end":{"line":15,"column":81}},"16":{"start":{"line":16,"column":24},"end":{"line":16,"column":60}},"17":{"start":{"line":17,"column":20},"end":{"line":17,"column":47}},"18":{"start":{"line":20,"column":8},"end":{"line":50,"column":11}},"19":{"start":{"line":22,"column":12},"end":{"line":49,"column":13}},"20":{"start":{"line":23,"column":38},"end":{"line":23,"column":112}},"21":{"start":{"line":24,"column":46},"end":{"line":28,"column":18}},"22":{"start":{"line":29,"column":16},"end":{"line":39,"column":19}},"23":{"start":{"line":42,"column":16},"end":{"line":47,"column":17}},"24":{"start":{"line":43,"column":20},"end":{"line":46,"column":23}},"25":{"start":{"line":48,"column":16},"end":{"line":48,"column":28}},"26":{"start":{"line":53,"column":8},"end":{"line":73,"column":11}},"27":{"start":{"line":54,"column":12},"end":{"line":72,"column":13}},"28":{"start":{"line":55,"column":16},"end":{"line":59,"column":19}},"29":{"start":{"line":60,"column":16},"end":{"line":68,"column":19}},"30":{"start":{"line":71,"column":16},"end":{"line":71,"column":28}},"31":{"start":{"line":76,"column":8},"end":{"line":93,"column":11}},"32":{"start":{"line":78,"column":12},"end":{"line":92,"column":13}},"33":{"start":{"line":79,"column":38},"end":{"line":79,"column":112}},"34":{"start":{"line":80,"column":32},"end":{"line":83,"column":18}},"35":{"start":{"line":84,"column":16},"end":{"line":88,"column":19}},"36":{"start":{"line":87,"column":50},"end":{"line":87,"column":89}},"37":{"start":{"line":91,"column":16},"end":{"line":91,"column":28}},"38":{"start":{"line":96,"column":0},"end":{"line":96,"column":43}}},"fnMap":{"0":{"name":"(anonymous_0)","decl":{"start":{"line":2,"column":44},"end":{"line":2,"column":45}},"loc":{"start":{"line":2,"column":89},"end":{"line":10,"column":1}},"line":2},"1":{"name":"adopt","decl":{"start":{"line":3,"column":13},"end":{"line":3,"column":18}},"loc":{"start":{"line":3,"column":26},"end":{"line":3,"column":112}},"line":3},"2":{"name":"(anonymous_2)","decl":{"start":{"line":3,"column":70},"end":{"line":3,"column":71}},"loc":{"start":{"line":3,"column":89},"end":{"line":3,"column":108}},"line":3},"3":{"name":"(anonymous_3)","decl":{"start":{"line":4,"column":36},"end":{"line":4,"column":37}},"loc":{"start":{"line":4,"column":63},"end":{"line":9,"column":5}},"line":4},"4":{"name":"fulfilled","decl":{"start":{"line":5,"column":17},"end":{"line":5,"column":26}},"loc":{"start":{"line":5,"column":34},"end":{"line":5,"column":99}},"line":5},"5":{"name":"rejected","decl":{"start":{"line":6,"column":17},"end":{"line":6,"column":25}},"loc":{"start":{"line":6,"column":33},"end":{"line":6,"column":102}},"line":6},"6":{"name":"step","decl":{"start":{"line":7,"column":17},"end":{"line":7,"column":21}},"loc":{"start":{"line":7,"column":30},"end":{"line":7,"column":118}},"line":7},"7":{"name":"(anonymous_7)","decl":{"start":{"line":11,"column":56},"end":{"line":11,"column":57}},"loc":{"start":{"line":11,"column":71},"end":{"line":13,"column":1}},"line":11},"8":{"name":"(anonymous_8)","decl":{"start":{"line":19,"column":4},"end":{"line":19,"column":5}},"loc":{"start":{"line":19,"column":25},"end":{"line":51,"column":5}},"line":19},"9":{"name":"(anonymous_9)","decl":{"start":{"line":20,"column":47},"end":{"line":20,"column":48}},"loc":{"start":{"line":20,"column":60},"end":{"line":50,"column":9}},"line":20},"10":{"name":"(anonymous_10)","decl":{"start":{"line":52,"column":4},"end":{"line":52,"column":5}},"loc":{"start":{"line":52,"column":27},"end":{"line":74,"column":5}},"line":52},"11":{"name":"(anonymous_11)","decl":{"start":{"line":53,"column":47},"end":{"line":53,"column":48}},"loc":{"start":{"line":53,"column":60},"end":{"line":73,"column":9}},"line":53},"12":{"name":"(anonymous_12)","decl":{"start":{"line":75,"column":4},"end":{"line":75,"column":5}},"loc":{"start":{"line":75,"column":25},"end":{"line":94,"column":5}},"line":75},"13":{"name":"(anonymous_13)","decl":{"start":{"line":76,"column":47},"end":{"line":76,"column":48}},"loc":{"start":{"line":76,"column":60},"end":{"line":93,"column":9}},"line":76},"14":{"name":"(anonymous_14)","decl":{"start":{"line":87,"column":38},"end":{"line":87,"column":39}},"loc":{"start":{"line":87,"column":50},"end":{"line":87,"column":89}},"line":87}},"branchMap":{"0":{"loc":{"start":{"line":2,"column":16},"end":{"line":10,"column":1}},"type":"binary-expr","locations":[{"start":{"line":2,"column":17},"end":{"line":2,"column":21}},{"start":{"line":2,"column":25},"end":{"line":2,"column":39}},{"start":{"line":2,"column":44},"end":{"line":10,"column":1}}],"line":2},"1":{"loc":{"start":{"line":3,"column":35},"end":{"line":3,"column":109}},"type":"cond-expr","locations":[{"start":{"line":3,"column":56},"end":{"line":3,"column":61}},{"start":{"line":3,"column":64},"end":{"line":3,"column":109}}],"line":3},"2":{"loc":{"start":{"line":4,"column":16},"end":{"line":4,"column":34}},"type":"binary-expr","locations":[{"start":{"line":4,"column":16},"end":{"line":4,"column":17}},{"start":{"line":4,"column":22},"end":{"line":4,"column":33}}],"line":4},"3":{"loc":{"start":{"line":7,"column":32},"end":{"line":7,"column":115}},"type":"cond-expr","locations":[{"start":{"line":7,"column":46},"end":{"line":7,"column":67}},{"start":{"line":7,"column":70},"end":{"line":7,"column":115}}],"line":7},"4":{"loc":{"start":{"line":8,"column":51},"end":{"line":8,"column":67}},"type":"binary-expr","locations":[{"start":{"line":8,"column":51},"end":{"line":8,"column":61}},{"start":{"line":8,"column":65},"end":{"line":8,"column":67}}],"line":8},"5":{"loc":{"start":{"line":11,"column":22},"end":{"line":13,"column":1}},"type":"binary-expr","locations":[{"start":{"line":11,"column":23},"end":{"line":11,"column":27}},{"start":{"line":11,"column":31},"end":{"line":11,"column":51}},{"start":{"line":11,"column":56},"end":{"line":13,"column":1}}],"line":11},"6":{"loc":{"start":{"line":12,"column":11},"end":{"line":12,"column":61}},"type":"cond-expr","locations":[{"start":{"line":12,"column":37},"end":{"line":12,"column":40}},{"start":{"line":12,"column":43},"end":{"line":12,"column":61}}],"line":12},"7":{"loc":{"start":{"line":12,"column":12},"end":{"line":12,"column":33}},"type":"binary-expr","locations":[{"start":{"line":12,"column":12},"end":{"line":12,"column":15}},{"start":{"line":12,"column":19},"end":{"line":12,"column":33}}],"line":12},"8":{"loc":{"start":{"line":23,"column":39},"end":{"line":23,"column":99}},"type":"cond-expr","locations":[{"start":{"line":23,"column":83},"end":{"line":23,"column":89}},{"start":{"line":23,"column":92},"end":{"line":23,"column":99}}],"line":23},"9":{"loc":{"start":{"line":23,"column":39},"end":{"line":23,"column":80}},"type":"binary-expr","locations":[{"start":{"line":23,"column":39},"end":{"line":23,"column":63}},{"start":{"line":23,"column":67},"end":{"line":23,"column":80}}],"line":23},"10":{"loc":{"start":{"line":29,"column":34},"end":{"line":29,"column":53}},"type":"cond-expr","locations":[{"start":{"line":29,"column":44},"end":{"line":29,"column":47}},{"start":{"line":29,"column":50},"end":{"line":29,"column":53}}],"line":29},"11":{"loc":{"start":{"line":31,"column":29},"end":{"line":33,"column":65}},"type":"cond-expr","locations":[{"start":{"line":32,"column":26},"end":{"line":32,"column":53}},{"start":{"line":33,"column":26},"end":{"line":33,"column":65}}],"line":31},"12":{"loc":{"start":{"line":42,"column":16},"end":{"line":47,"column":17}},"type":"if","locations":[{"start":{"line":42,"column":16},"end":{"line":47,"column":17}},{"start":{},"end":{}}],"line":42},"13":{"loc":{"start":{"line":79,"column":39},"end":{"line":79,"column":99}},"type":"cond-expr","locations":[{"start":{"line":79,"column":83},"end":{"line":79,"column":89}},{"start":{"line":79,"column":92},"end":{"line":79,"column":99}}],"line":79},"14":{"loc":{"start":{"line":79,"column":39},"end":{"line":79,"column":80}},"type":"binary-expr","locations":[{"start":{"line":79,"column":39},"end":{"line":79,"column":63}},{"start":{"line":79,"column":67},"end":{"line":79,"column":80}}],"line":79}},"s":{"0":2,"1":15,"2":0,"3":15,"4":13,"5":13,"6":0,"7":2,"8":2,"9":0,"10":30,"11":15,"12":2,"13":2,"14":2,"15":2,"16":2,"17":2,"18":7,"19":7,"20":7,"21":7,"22":5,"23":2,"24":2,"25":0,"26":2,"27":2,"28":2,"29":2,"30":0,"31":6,"32":6,"33":6,"34":6,"35":6,"36":6,"37":0,"38":2},"f":{"0":15,"1":15,"2":0,"3":15,"4":13,"5":2,"6":30,"7":2,"8":7,"9":7,"10":2,"11":2,"12":6,"13":6,"14":6},"b":{"0":[2,2,2],"1":[15,0],"2":[15,15],"3":[15,15],"4":[15,15],"5":[2,2,2],"6":[2,0],"7":[2,2],"8":[0,7],"9":[7,7],"10":[4,1],"11":[4,1],"12":[2,0],"13":[0,6],"14":[6,6]},"_coverageSchema":"1a1c01bbd47fc00a2c39e90264f33305004495a9","hash":"7e6ca6d80cb81210afc485d381ff3e27de8148ad"}
,"/workspace/api/src/controllers/UserController.ts": {"path":"/workspace/api/src/controllers/UserController.ts","statementMap":{"0":{"start":{"line":2,"column":16},"end":{"line":10,"column":1}},"1":{"start":{"line":3,"column":28},"end":{"line":3,"column":110}},"2":{"start":{"line":3,"column":91},"end":{"line":3,"column":106}},"3":{"start":{"line":4,"column":4},"end":{"line":9,"column":7}},"4":{"start":{"line":5,"column":36},"end":{"line":5,"column":97}},"5":{"start":{"line":5,"column":42},"end":{"line":5,"column":70}},"6":{"start":{"line":5,"column":85},"end":{"line":5,"column":95}},"7":{"start":{"line":6,"column":35},"end":{"line":6,"column":100}},"8":{"start":{"line":6,"column":41},"end":{"line":6,"column":73}},"9":{"start":{"line":6,"column":88},"end":{"line":6,"column":98}},"10":{"start":{"line":7,"column":32},"end":{"line":7,"column":116}},"11":{"start":{"line":8,"column":8},"end":{"line":8,"column":78}},"12":{"start":{"line":11,"column":22},"end":{"line":13,"column":1}},"13":{"start":{"line":12,"column":4},"end":{"line":12,"column":62}},"14":{"start":{"line":14,"column":0},"end":{"line":14,"column":62}},"15":{"start":{"line":15,"column":0},"end":{"line":15,"column":32}},"16":{"start":{"line":16,"column":19},"end":{"line":16,"column":55}},"17":{"start":{"line":17,"column":23},"end":{"line":17,"column":63}},"18":{"start":{"line":18,"column":15},"end":{"line":18,"column":57}},"19":{"start":{"line":19,"column":14},"end":{"line":19,"column":55}},"20":{"start":{"line":36,"column":8},"end":{"line":51,"column":11}},"21":{"start":{"line":37,"column":12},"end":{"line":50,"column":13}},"22":{"start":{"line":38,"column":30},"end":{"line":38,"column":77}},"23":{"start":{"line":39,"column":16},"end":{"line":43,"column":19}},"24":{"start":{"line":46,"column":16},"end":{"line":49,"column":19}},"25":{"start":{"line":86,"column":8},"end":{"line":121,"column":11}},"26":{"start":{"line":87,"column":12},"end":{"line":120,"column":13}},"27":{"start":{"line":88,"column":68},"end":{"line":88,"column":76}},"28":{"start":{"line":90,"column":37},"end":{"line":90,"column":96}},"29":{"start":{"line":91,"column":16},"end":{"line":97,"column":17}},"30":{"start":{"line":92,"column":20},"end":{"line":95,"column":23}},"31":{"start":{"line":96,"column":20},"end":{"line":96,"column":27}},"32":{"start":{"line":99,"column":32},"end":{"line":105,"column":18}},"33":{"start":{"line":107,"column":16},"end":{"line":107,"column":37}},"34":{"start":{"line":109,"column":37},"end":{"line":109,"column":114}},"35":{"start":{"line":110,"column":16},"end":{"line":113,"column":19}},"36":{"start":{"line":116,"column":16},"end":{"line":119,"column":19}},"37":{"start":{"line":144,"column":8},"end":{"line":165,"column":11}},"38":{"start":{"line":145,"column":12},"end":{"line":164,"column":13}},"39":{"start":{"line":146,"column":29},"end":{"line":146,"column":98}},"40":{"start":{"line":147,"column":16},"end":{"line":153,"column":17}},"41":{"start":{"line":148,"column":20},"end":{"line":151,"column":23}},"42":{"start":{"line":152,"column":20},"end":{"line":152,"column":27}},"43":{"start":{"line":154,"column":16},"end":{"line":157,"column":19}},"44":{"start":{"line":160,"column":16},"end":{"line":163,"column":19}},"45":{"start":{"line":203,"column":8},"end":{"line":224,"column":11}},"46":{"start":{"line":204,"column":12},"end":{"line":223,"column":13}},"47":{"start":{"line":205,"column":36},"end":{"line":205,"column":139}},"48":{"start":{"line":206,"column":16},"end":{"line":212,"column":17}},"49":{"start":{"line":207,"column":20},"end":{"line":210,"column":23}},"50":{"start":{"line":211,"column":20},"end":{"line":211,"column":27}},"51":{"start":{"line":213,"column":16},"end":{"line":216,"column":19}},"52":{"start":{"line":219,"column":16},"end":{"line":222,"column":19}},"53":{"start":{"line":247,"column":8},"end":{"line":261,"column":11}},"54":{"start":{"line":248,"column":12},"end":{"line":260,"column":13}},"55":{"start":{"line":249,"column":16},"end":{"line":249,"column":75}},"56":{"start":{"line":250,"column":16},"end":{"line":253,"column":19}},"57":{"start":{"line":256,"column":16},"end":{"line":259,"column":19}},"58":{"start":{"line":290,"column":8},"end":{"line":331,"column":11}},"59":{"start":{"line":291,"column":12},"end":{"line":330,"column":13}},"60":{"start":{"line":292,"column":47},"end":{"line":292,"column":55}},"61":{"start":{"line":294,"column":29},"end":{"line":294,"column":71}},"62":{"start":{"line":295,"column":16},"end":{"line":301,"column":17}},"63":{"start":{"line":296,"column":20},"end":{"line":299,"column":23}},"64":{"start":{"line":300,"column":20},"end":{"line":300,"column":27}},"65":{"start":{"line":303,"column":32},"end":{"line":303,"column":89}},"66":{"start":{"line":304,"column":16},"end":{"line":310,"column":17}},"67":{"start":{"line":305,"column":20},"end":{"line":308,"column":23}},"68":{"start":{"line":309,"column":20},"end":{"line":309,"column":27}},"69":{"start":{"line":312,"column":30},"end":{"line":314,"column":18}},"70":{"start":{"line":315,"column":16},"end":{"line":315,"column":35}},"71":{"start":{"line":317,"column":37},"end":{"line":317,"column":111}},"72":{"start":{"line":318,"column":16},"end":{"line":323,"column":19}},"73":{"start":{"line":326,"column":16},"end":{"line":329,"column":19}},"74":{"start":{"line":365,"column":8},"end":{"line":391,"column":11}},"75":{"start":{"line":366,"column":12},"end":{"line":390,"column":13}},"76":{"start":{"line":367,"column":37},"end":{"line":367,"column":45}},"77":{"start":{"line":368,"column":29},"end":{"line":368,"column":78}},"78":{"start":{"line":369,"column":16},"end":{"line":375,"column":17}},"79":{"start":{"line":370,"column":20},"end":{"line":373,"column":23}},"80":{"start":{"line":374,"column":20},"end":{"line":374,"column":27}},"81":{"start":{"line":377,"column":16},"end":{"line":377,"column":76}},"82":{"start":{"line":379,"column":16},"end":{"line":379,"column":34}},"83":{"start":{"line":380,"column":16},"end":{"line":383,"column":19}},"84":{"start":{"line":386,"column":16},"end":{"line":389,"column":19}},"85":{"start":{"line":394,"column":0},"end":{"line":394,"column":40}},"86":{"start":{"line":395,"column":0},"end":{"line":395,"column":39}}},"fnMap":{"0":{"name":"(anonymous_0)","decl":{"start":{"line":2,"column":44},"end":{"line":2,"column":45}},"loc":{"start":{"line":2,"column":89},"end":{"line":10,"column":1}},"line":2},"1":{"name":"adopt","decl":{"start":{"line":3,"column":13},"end":{"line":3,"column":18}},"loc":{"start":{"line":3,"column":26},"end":{"line":3,"column":112}},"line":3},"2":{"name":"(anonymous_2)","decl":{"start":{"line":3,"column":70},"end":{"line":3,"column":71}},"loc":{"start":{"line":3,"column":89},"end":{"line":3,"column":108}},"line":3},"3":{"name":"(anonymous_3)","decl":{"start":{"line":4,"column":36},"end":{"line":4,"column":37}},"loc":{"start":{"line":4,"column":63},"end":{"line":9,"column":5}},"line":4},"4":{"name":"fulfilled","decl":{"start":{"line":5,"column":17},"end":{"line":5,"column":26}},"loc":{"start":{"line":5,"column":34},"end":{"line":5,"column":99}},"line":5},"5":{"name":"rejected","decl":{"start":{"line":6,"column":17},"end":{"line":6,"column":25}},"loc":{"start":{"line":6,"column":33},"end":{"line":6,"column":102}},"line":6},"6":{"name":"step","decl":{"start":{"line":7,"column":17},"end":{"line":7,"column":21}},"loc":{"start":{"line":7,"column":30},"end":{"line":7,"column":118}},"line":7},"7":{"name":"(anonymous_7)","decl":{"start":{"line":11,"column":56},"end":{"line":11,"column":57}},"loc":{"start":{"line":11,"column":71},"end":{"line":13,"column":1}},"line":11},"8":{"name":"(anonymous_8)","decl":{"start":{"line":35,"column":4},"end":{"line":35,"column":5}},"loc":{"start":{"line":35,"column":26},"end":{"line":52,"column":5}},"line":35},"9":{"name":"(anonymous_9)","decl":{"start":{"line":36,"column":47},"end":{"line":36,"column":48}},"loc":{"start":{"line":36,"column":60},"end":{"line":51,"column":9}},"line":36},"10":{"name":"(anonymous_10)","decl":{"start":{"line":85,"column":4},"end":{"line":85,"column":5}},"loc":{"start":{"line":85,"column":25},"end":{"line":122,"column":5}},"line":85},"11":{"name":"(anonymous_11)","decl":{"start":{"line":86,"column":47},"end":{"line":86,"column":48}},"loc":{"start":{"line":86,"column":60},"end":{"line":121,"column":9}},"line":86},"12":{"name":"(anonymous_12)","decl":{"start":{"line":143,"column":4},"end":{"line":143,"column":5}},"loc":{"start":{"line":143,"column":26},"end":{"line":166,"column":5}},"line":143},"13":{"name":"(anonymous_13)","decl":{"start":{"line":144,"column":47},"end":{"line":144,"column":48}},"loc":{"start":{"line":144,"column":60},"end":{"line":165,"column":9}},"line":144},"14":{"name":"(anonymous_14)","decl":{"start":{"line":202,"column":4},"end":{"line":202,"column":5}},"loc":{"start":{"line":202,"column":25},"end":{"line":225,"column":5}},"line":202},"15":{"name":"(anonymous_15)","decl":{"start":{"line":203,"column":47},"end":{"line":203,"column":48}},"loc":{"start":{"line":203,"column":60},"end":{"line":224,"column":9}},"line":203},"16":{"name":"(anonymous_16)","decl":{"start":{"line":246,"column":4},"end":{"line":246,"column":5}},"loc":{"start":{"line":246,"column":25},"end":{"line":262,"column":5}},"line":246},"17":{"name":"(anonymous_17)","decl":{"start":{"line":247,"column":47},"end":{"line":247,"column":48}},"loc":{"start":{"line":247,"column":60},"end":{"line":261,"column":9}},"line":247},"18":{"name":"(anonymous_18)","decl":{"start":{"line":289,"column":4},"end":{"line":289,"column":5}},"loc":{"start":{"line":289,"column":27},"end":{"line":332,"column":5}},"line":289},"19":{"name":"(anonymous_19)","decl":{"start":{"line":290,"column":47},"end":{"line":290,"column":48}},"loc":{"start":{"line":290,"column":60},"end":{"line":331,"column":9}},"line":290},"20":{"name":"(anonymous_20)","decl":{"start":{"line":364,"column":4},"end":{"line":364,"column":5}},"loc":{"start":{"line":364,"column":29},"end":{"line":392,"column":5}},"line":364},"21":{"name":"(anonymous_21)","decl":{"start":{"line":365,"column":47},"end":{"line":365,"column":48}},"loc":{"start":{"line":365,"column":60},"end":{"line":391,"column":9}},"line":365}},"branchMap":{"0":{"loc":{"start":{"line":2,"column":16},"end":{"line":10,"column":1}},"type":"binary-expr","locations":[{"start":{"line":2,"column":17},"end":{"line":2,"column":21}},{"start":{"line":2,"column":25},"end":{"line":2,"column":39}},{"start":{"line":2,"column":44},"end":{"line":10,"column":1}}],"line":2},"1":{"loc":{"start":{"line":3,"column":35},"end":{"line":3,"column":109}},"type":"cond-expr","locations":[{"start":{"line":3,"column":56},"end":{"line":3,"column":61}},{"start":{"line":3,"column":64},"end":{"line":3,"column":109}}],"line":3},"2":{"loc":{"start":{"line":4,"column":16},"end":{"line":4,"column":34}},"type":"binary-expr","locations":[{"start":{"line":4,"column":16},"end":{"line":4,"column":17}},{"start":{"line":4,"column":22},"end":{"line":4,"column":33}}],"line":4},"3":{"loc":{"start":{"line":7,"column":32},"end":{"line":7,"column":115}},"type":"cond-expr","locations":[{"start":{"line":7,"column":46},"end":{"line":7,"column":67}},{"start":{"line":7,"column":70},"end":{"line":7,"column":115}}],"line":7},"4":{"loc":{"start":{"line":8,"column":51},"end":{"line":8,"column":67}},"type":"binary-expr","locations":[{"start":{"line":8,"column":51},"end":{"line":8,"column":61}},{"start":{"line":8,"column":65},"end":{"line":8,"column":67}}],"line":8},"5":{"loc":{"start":{"line":11,"column":22},"end":{"line":13,"column":1}},"type":"binary-expr","locations":[{"start":{"line":11,"column":23},"end":{"line":11,"column":27}},{"start":{"line":11,"column":31},"end":{"line":11,"column":51}},{"start":{"line":11,"column":56},"end":{"line":13,"column":1}}],"line":11},"6":{"loc":{"start":{"line":12,"column":11},"end":{"line":12,"column":61}},"type":"cond-expr","locations":[{"start":{"line":12,"column":37},"end":{"line":12,"column":40}},{"start":{"line":12,"column":43},"end":{"line":12,"column":61}}],"line":12},"7":{"loc":{"start":{"line":12,"column":12},"end":{"line":12,"column":33}},"type":"binary-expr","locations":[{"start":{"line":12,"column":12},"end":{"line":12,"column":15}},{"start":{"line":12,"column":19},"end":{"line":12,"column":33}}],"line":12},"8":{"loc":{"start":{"line":91,"column":16},"end":{"line":97,"column":17}},"type":"if","locations":[{"start":{"line":91,"column":16},"end":{"line":97,"column":17}},{"start":{},"end":{}}],"line":91},"9":{"loc":{"start":{"line":147,"column":16},"end":{"line":153,"column":17}},"type":"if","locations":[{"start":{"line":147,"column":16},"end":{"line":153,"column":17}},{"start":{},"end":{}}],"line":147},"10":{"loc":{"start":{"line":206,"column":16},"end":{"line":212,"column":17}},"type":"if","locations":[{"start":{"line":206,"column":16},"end":{"line":212,"column":17}},{"start":{},"end":{}}],"line":206},"11":{"loc":{"start":{"line":295,"column":16},"end":{"line":301,"column":17}},"type":"if","locations":[{"start":{"line":295,"column":16},"end":{"line":301,"column":17}},{"start":{},"end":{}}],"line":295},"12":{"loc":{"start":{"line":304,"column":16},"end":{"line":310,"column":17}},"type":"if","locations":[{"start":{"line":304,"column":16},"end":{"line":310,"column":17}},{"start":{},"end":{}}],"line":304},"13":{"loc":{"start":{"line":369,"column":16},"end":{"line":375,"column":17}},"type":"if","locations":[{"start":{"line":369,"column":16},"end":{"line":375,"column":17}},{"start":{},"end":{}}],"line":369}},"s":{"0":2,"1":0,"2":0,"3":0,"4":0,"5":0,"6":0,"7":0,"8":0,"9":0,"10":0,"11":0,"12":2,"13":8,"14":2,"15":2,"16":2,"17":2,"18":2,"19":2,"20":0,"21":0,"22":0,"23":0,"24":0,"25":0,"26":0,"27":0,"28":0,"29":0,"30":0,"31":0,"32":0,"33":0,"34":0,"35":0,"36":0,"37":0,"38":0,"39":0,"40":0,"41":0,"42":0,"43":0,"44":0,"45":0,"46":0,"47":0,"48":0,"49":0,"50":0,"51":0,"52":0,"53":0,"54":0,"55":0,"56":0,"57":0,"58":0,"59":0,"60":0,"61":0,"62":0,"63":0,"64":0,"65":0,"66":0,"67":0,"68":0,"69":0,"70":0,"71":0,"72":0,"73":0,"74":0,"75":0,"76":0,"77":0,"78":0,"79":0,"80":0,"81":0,"82":0,"83":0,"84":0,"85":2,"86":2},"f":{"0":0,"1":0,"2":0,"3":0,"4":0,"5":0,"6":0,"7":8,"8":0,"9":0,"10":0,"11":0,"12":0,"13":0,"14":0,"15":0,"16":0,"17":0,"18":0,"19":0,"20":0,"21":0},"b":{"0":[2,2,2],"1":[0,0],"2":[0,0],"3":[0,0],"4":[0,0],"5":[2,2,2],"6":[4,4],"7":[8,8],"8":[0,0],"9":[0,0],"10":[0,0],"11":[0,0],"12":[0,0],"13":[0,0]},"_coverageSchema":"1a1c01bbd47fc00a2c39e90264f33305004495a9","hash":"7a84461674b3fdf074af8bf951a2991891683c7a"}
,"/workspace/api/src/lib/obfuscate.ts": {"path":"/workspace/api/src/lib/obfuscate.ts","statementMap":{"0":{"start":{"line":2,"column":0},"end":{"line":2,"column":62}},"1":{"start":{"line":3,"column":0},"end":{"line":3,"column":40}},"2":{"start":{"line":4,"column":0},"end":{"line":4,"column":40}},"3":{"start":{"line":10,"column":4},"end":{"line":12,"column":5}},"4":{"start":{"line":11,"column":8},"end":{"line":11,"column":21}},"5":{"start":{"line":13,"column":4},"end":{"line":15,"column":5}},"6":{"start":{"line":14,"column":8},"end":{"line":14,"column":21}},"7":{"start":{"line":16,"column":4},"end":{"line":18,"column":5}},"8":{"start":{"line":17,"column":8},"end":{"line":17,"column":18}},"9":{"start":{"line":19,"column":23},"end":{"line":19,"column":40}},"10":{"start":{"line":20,"column":4},"end":{"line":22,"column":5}},"11":{"start":{"line":21,"column":8},"end":{"line":21,"column":45}},"12":{"start":{"line":23,"column":19},"end":{"line":23,"column":52}},"13":{"start":{"line":24,"column":4},"end":{"line":24,"column":75}},"14":{"start":{"line":31,"column":18},"end":{"line":31,"column":51}},"15":{"start":{"line":32,"column":25},"end":{"line":39,"column":5}},"16":{"start":{"line":40,"column":4},"end":{"line":42,"column":5}},"17":{"start":{"line":41,"column":8},"end":{"line":41,"column":57}},"18":{"start":{"line":43,"column":4},"end":{"line":43,"column":24}}},"fnMap":{"0":{"name":"obfuscateValue","decl":{"start":{"line":9,"column":9},"end":{"line":9,"column":23}},"loc":{"start":{"line":9,"column":31},"end":{"line":25,"column":1}},"line":9},"1":{"name":"toPublicClient","decl":{"start":{"line":30,"column":9},"end":{"line":30,"column":23}},"loc":{"start":{"line":30,"column":29},"end":{"line":44,"column":1}},"line":30}},"branchMap":{"0":{"loc":{"start":{"line":10,"column":4},"end":{"line":12,"column":5}},"type":"if","locations":[{"start":{"line":10,"column":4},"end":{"line":12,"column":5}},{"start":{},"end":{}}],"line":10},"1":{"loc":{"start":{"line":10,"column":8},"end":{"line":10,"column":45}},"type":"binary-expr","locations":[{"start":{"line":10,"column":8},"end":{"line":10,"column":22}},{"start":{"line":10,"column":26},"end":{"line":10,"column":45}}],"line":10},"2":{"loc":{"start":{"line":13,"column":4},"end":{"line":15,"column":5}},"type":"if","locations":[{"start":{"line":13,"column":4},"end":{"line":15,"column":5}},{"start":{},"end":{}}],"line":13},"3":{"loc":{"start":{"line":16,"column":4},"end":{"line":18,"column":5}},"type":"if","locations":[{"start":{"line":16,"column":4},"end":{"line":18,"column":5}},{"start":{},"end":{}}],"line":16},"4":{"loc":{"start":{"line":20,"column":4},"end":{"line":22,"column":5}},"type":"if","locations":[{"start":{"line":20,"column":4},"end":{"line":22,"column":5}},{"start":{},"end":{}}],"line":20},"5":{"loc":{"start":{"line":40,"column":4},"end":{"line":42,"column":5}},"type":"if","locations":[{"start":{"line":40,"column":4},"end":{"line":42,"column":5}},{"start":{},"end":{}}],"line":40},"6":{"loc":{"start":{"line":40,"column":8},"end":{"line":40,"column":79}},"type":"binary-expr","locations":[{"start":{"line":40,"column":8},"end":{"line":40,"column":33}},{"start":{"line":40,"column":37},"end":{"line":40,"column":57}},{"start":{"line":40,"column":61},"end":{"line":40,"column":79}}],"line":40}},"s":{"0":3,"1":3,"2":3,"3":65,"4":2,"5":63,"6":4,"7":59,"8":1,"9":58,"10":58,"11":2,"12":56,"13":56,"14":28,"15":28,"16":28,"17":8,"18":28},"f":{"0":65,"1":28},"b":{"0":[2,63],"1":[65,64],"2":[4,59],"3":[1,58],"4":[2,56],"5":[8,20],"6":[28,8,8]},"_coverageSchema":"1a1c01bbd47fc00a2c39e90264f33305004495a9","hash":"66a65d778a1243ebbe6c0b72d4aa69492567b269"}
,"/workspace/api/src/middlewares/attachAuthenticatedUser.middleware.ts": {"path":"/workspace/api/src/middlewares/attachAuthenticatedUser.middleware.ts","statementMap":{"0":{"start":{"line":2,"column":16},"end":{"line":10,"column":1}},"1":{"start":{"line":3,"column":28},"end":{"line":3,"column":110}},"2":{"start":{"line":3,"column":91},"end":{"line":3,"column":106}},"3":{"start":{"line":4,"column":4},"end":{"line":9,"column":7}},"4":{"start":{"line":5,"column":36},"end":{"line":5,"column":97}},"5":{"start":{"line":5,"column":42},"end":{"line":5,"column":70}},"6":{"start":{"line":5,"column":85},"end":{"line":5,"column":95}},"7":{"start":{"line":6,"column":35},"end":{"line":6,"column":100}},"8":{"start":{"line":6,"column":41},"end":{"line":6,"column":73}},"9":{"start":{"line":6,"column":88},"end":{"line":6,"column":98}},"10":{"start":{"line":7,"column":32},"end":{"line":7,"column":116}},"11":{"start":{"line":8,"column":8},"end":{"line":8,"column":78}},"12":{"start":{"line":11,"column":22},"end":{"line":13,"column":1}},"13":{"start":{"line":12,"column":4},"end":{"line":12,"column":62}},"14":{"start":{"line":14,"column":0},"end":{"line":14,"column":62}},"15":{"start":{"line":15,"column":0},"end":{"line":15,"column":41}},"16":{"start":{"line":16,"column":15},"end":{"line":16,"column":57}},"17":{"start":{"line":22,"column":32},"end":{"line":45,"column":2}},"18":{"start":{"line":22,"column":52},"end":{"line":45,"column":2}},"19":{"start":{"line":24,"column":4},"end":{"line":44,"column":5}},"20":{"start":{"line":25,"column":8},"end":{"line":30,"column":9}},"21":{"start":{"line":26,"column":12},"end":{"line":29,"column":15}},"22":{"start":{"line":31,"column":21},"end":{"line":31,"column":63}},"23":{"start":{"line":32,"column":8},"end":{"line":37,"column":9}},"24":{"start":{"line":33,"column":12},"end":{"line":36,"column":15}},"25":{"start":{"line":38,"column":21},"end":{"line":38,"column":61}},"26":{"start":{"line":39,"column":8},"end":{"line":39,"column":41}},"27":{"start":{"line":40,"column":8},"end":{"line":40,"column":15}},"28":{"start":{"line":43,"column":8},"end":{"line":43,"column":20}},"29":{"start":{"line":46,"column":0},"end":{"line":46,"column":58}}},"fnMap":{"0":{"name":"(anonymous_0)","decl":{"start":{"line":2,"column":44},"end":{"line":2,"column":45}},"loc":{"start":{"line":2,"column":89},"end":{"line":10,"column":1}},"line":2},"1":{"name":"adopt","decl":{"start":{"line":3,"column":13},"end":{"line":3,"column":18}},"loc":{"start":{"line":3,"column":26},"end":{"line":3,"column":112}},"line":3},"2":{"name":"(anonymous_2)","decl":{"start":{"line":3,"column":70},"end":{"line":3,"column":71}},"loc":{"start":{"line":3,"column":89},"end":{"line":3,"column":108}},"line":3},"3":{"name":"(anonymous_3)","decl":{"start":{"line":4,"column":36},"end":{"line":4,"column":37}},"loc":{"start":{"line":4,"column":63},"end":{"line":9,"column":5}},"line":4},"4":{"name":"fulfilled","decl":{"start":{"line":5,"column":17},"end":{"line":5,"column":26}},"loc":{"start":{"line":5,"column":34},"end":{"line":5,"column":99}},"line":5},"5":{"name":"rejected","decl":{"start":{"line":6,"column":17},"end":{"line":6,"column":25}},"loc":{"start":{"line":6,"column":33},"end":{"line":6,"column":102}},"line":6},"6":{"name":"step","decl":{"start":{"line":7,"column":17},"end":{"line":7,"column":21}},"loc":{"start":{"line":7,"column":30},"end":{"line":7,"column":118}},"line":7},"7":{"name":"(anonymous_7)","decl":{"start":{"line":11,"column":56},"end":{"line":11,"column":57}},"loc":{"start":{"line":11,"column":71},"end":{"line":13,"column":1}},"line":11},"8":{"name":"(anonymous_8)","decl":{"start":{"line":22,"column":32},"end":{"line":22,"column":33}},"loc":{"start":{"line":22,"column":52},"end":{"line":45,"column":2}},"line":22},"9":{"name":"(anonymous_9)","decl":{"start":{"line":22,"column":86},"end":{"line":22,"column":87}},"loc":{"start":{"line":22,"column":99},"end":{"line":45,"column":1}},"line":22}},"branchMap":{"0":{"loc":{"start":{"line":2,"column":16},"end":{"line":10,"column":1}},"type":"binary-expr","locations":[{"start":{"line":2,"column":17},"end":{"line":2,"column":21}},{"start":{"line":2,"column":25},"end":{"line":2,"column":39}},{"start":{"line":2,"column":44},"end":{"line":10,"column":1}}],"line":2},"1":{"loc":{"start":{"line":3,"column":35},"end":{"line":3,"column":109}},"type":"cond-expr","locations":[{"start":{"line":3,"column":56},"end":{"line":3,"column":61}},{"start":{"line":3,"column":64},"end":{"line":3,"column":109}}],"line":3},"2":{"loc":{"start":{"line":4,"column":16},"end":{"line":4,"column":34}},"type":"binary-expr","locations":[{"start":{"line":4,"column":16},"end":{"line":4,"column":17}},{"start":{"line":4,"column":22},"end":{"line":4,"column":33}}],"line":4},"3":{"loc":{"start":{"line":7,"column":32},"end":{"line":7,"column":115}},"type":"cond-expr","locations":[{"start":{"line":7,"column":46},"end":{"line":7,"column":67}},{"start":{"line":7,"column":70},"end":{"line":7,"column":115}}],"line":7},"4":{"loc":{"start":{"line":8,"column":51},"end":{"line":8,"column":67}},"type":"binary-expr","locations":[{"start":{"line":8,"column":51},"end":{"line":8,"column":61}},{"start":{"line":8,"column":65},"end":{"line":8,"column":67}}],"line":8},"5":{"loc":{"start":{"line":11,"column":22},"end":{"line":13,"column":1}},"type":"binary-expr","locations":[{"start":{"line":11,"column":23},"end":{"line":11,"column":27}},{"start":{"line":11,"column":31},"end":{"line":11,"column":51}},{"start":{"line":11,"column":56},"end":{"line":13,"column":1}}],"line":11},"6":{"loc":{"start":{"line":12,"column":11},"end":{"line":12,"column":61}},"type":"cond-expr","locations":[{"start":{"line":12,"column":37},"end":{"line":12,"column":40}},{"start":{"line":12,"column":43},"end":{"line":12,"column":61}}],"line":12},"7":{"loc":{"start":{"line":12,"column":12},"end":{"line":12,"column":33}},"type":"binary-expr","locations":[{"start":{"line":12,"column":12},"end":{"line":12,"column":15}},{"start":{"line":12,"column":19},"end":{"line":12,"column":33}}],"line":12},"8":{"loc":{"start":{"line":25,"column":8},"end":{"line":30,"column":9}},"type":"if","locations":[{"start":{"line":25,"column":8},"end":{"line":30,"column":9}},{"start":{},"end":{}}],"line":25},"9":{"loc":{"start":{"line":25,"column":14},"end":{"line":25,"column":72}},"type":"cond-expr","locations":[{"start":{"line":25,"column":58},"end":{"line":25,"column":64}},{"start":{"line":25,"column":67},"end":{"line":25,"column":72}}],"line":25},"10":{"loc":{"start":{"line":25,"column":14},"end":{"line":25,"column":55}},"type":"binary-expr","locations":[{"start":{"line":25,"column":14},"end":{"line":25,"column":38}},{"start":{"line":25,"column":42},"end":{"line":25,"column":55}}],"line":25},"11":{"loc":{"start":{"line":32,"column":8},"end":{"line":37,"column":9}},"type":"if","locations":[{"start":{"line":32,"column":8},"end":{"line":37,"column":9}},{"start":{},"end":{}}],"line":32},"12":{"loc":{"start":{"line":38,"column":21},"end":{"line":38,"column":61}},"type":"cond-expr","locations":[{"start":{"line":38,"column":45},"end":{"line":38,"column":52}},{"start":{"line":38,"column":55},"end":{"line":38,"column":61}}],"line":38}},"s":{"0":2,"1":36,"2":36,"3":36,"4":36,"5":36,"6":0,"7":0,"8":0,"9":0,"10":72,"11":36,"12":2,"13":2,"14":2,"15":2,"16":2,"17":2,"18":36,"19":36,"20":36,"21":0,"22":36,"23":36,"24":1,"25":35,"26":35,"27":35,"28":0,"29":2},"f":{"0":36,"1":36,"2":36,"3":36,"4":36,"5":0,"6":72,"7":2,"8":36,"9":36},"b":{"0":[2,2,2],"1":[0,36],"2":[36,36],"3":[36,36],"4":[36,36],"5":[2,2,2],"6":[2,0],"7":[2,2],"8":[0,36],"9":[0,36],"10":[36,36],"11":[1,35],"12":[4,31]},"_coverageSchema":"1a1c01bbd47fc00a2c39e90264f33305004495a9","hash":"adcd23a3f40cd5af56a7aa5802aad3c26ab0cbc4"}
,"/workspace/api/src/middlewares/auth.middleware.ts": {"path":"/workspace/api/src/middlewares/auth.middleware.ts","statementMap":{"0":{"start":{"line":2,"column":22},"end":{"line":4,"column":1}},"1":{"start":{"line":3,"column":4},"end":{"line":3,"column":62}},"2":{"start":{"line":5,"column":0},"end":{"line":5,"column":62}},"3":{"start":{"line":6,"column":0},"end":{"line":6,"column":32}},"4":{"start":{"line":7,"column":23},"end":{"line":7,"column":63}},"5":{"start":{"line":8,"column":14},"end":{"line":8,"column":55}},"6":{"start":{"line":9,"column":23},"end":{"line":38,"column":1}},"7":{"start":{"line":10,"column":4},"end":{"line":37,"column":5}},"8":{"start":{"line":12,"column":20},"end":{"line":12,"column":22}},"9":{"start":{"line":13,"column":8},"end":{"line":18,"column":9}},"10":{"start":{"line":14,"column":12},"end":{"line":14,"column":60}},"11":{"start":{"line":16,"column":13},"end":{"line":18,"column":9}},"12":{"start":{"line":17,"column":12},"end":{"line":17,"column":36}},"13":{"start":{"line":20,"column":8},"end":{"line":25,"column":9}},"14":{"start":{"line":21,"column":12},"end":{"line":24,"column":15}},"15":{"start":{"line":27,"column":24},"end":{"line":27,"column":82}},"16":{"start":{"line":29,"column":8},"end":{"line":29,"column":39}},"17":{"start":{"line":30,"column":8},"end":{"line":30,"column":15}},"18":{"start":{"line":33,"column":8},"end":{"line":36,"column":11}},"19":{"start":{"line":39,"column":0},"end":{"line":39,"column":40}}},"fnMap":{"0":{"name":"(anonymous_0)","decl":{"start":{"line":2,"column":56},"end":{"line":2,"column":57}},"loc":{"start":{"line":2,"column":71},"end":{"line":4,"column":1}},"line":2},"1":{"name":"(anonymous_1)","decl":{"start":{"line":9,"column":23},"end":{"line":9,"column":24}},"loc":{"start":{"line":9,"column":43},"end":{"line":38,"column":1}},"line":9}},"branchMap":{"0":{"loc":{"start":{"line":2,"column":22},"end":{"line":4,"column":1}},"type":"binary-expr","locations":[{"start":{"line":2,"column":23},"end":{"line":2,"column":27}},{"start":{"line":2,"column":31},"end":{"line":2,"column":51}},{"start":{"line":2,"column":56},"end":{"line":4,"column":1}}],"line":2},"1":{"loc":{"start":{"line":3,"column":11},"end":{"line":3,"column":61}},"type":"cond-expr","locations":[{"start":{"line":3,"column":37},"end":{"line":3,"column":40}},{"start":{"line":3,"column":43},"end":{"line":3,"column":61}}],"line":3},"2":{"loc":{"start":{"line":3,"column":12},"end":{"line":3,"column":33}},"type":"binary-expr","locations":[{"start":{"line":3,"column":12},"end":{"line":3,"column":15}},{"start":{"line":3,"column":19},"end":{"line":3,"column":33}}],"line":3},"3":{"loc":{"start":{"line":13,"column":8},"end":{"line":18,"column":9}},"type":"if","locations":[{"start":{"line":13,"column":8},"end":{"line":18,"column":9}},{"start":{"line":16,"column":13},"end":{"line":18,"column":9}}],"line":13},"4":{"loc":{"start":{"line":13,"column":12},"end":{"line":13,"column":87}},"type":"binary-expr","locations":[{"start":{"line":13,"column":12},"end":{"line":13,"column":37}},{"start":{"line":13,"column":41},"end":{"line":13,"column":87}}],"line":13},"5":{"loc":{"start":{"line":16,"column":13},"end":{"line":18,"column":9}},"type":"if","locations":[{"start":{"line":16,"column":13},"end":{"line":18,"column":9}},{"start":{},"end":{}}],"line":16},"6":{"loc":{"start":{"line":16,"column":17},"end":{"line":16,"column":45}},"type":"binary-expr","locations":[{"start":{"line":16,"column":17},"end":{"line":16,"column":26}},{"start":{"line":16,"column":30},"end":{"line":16,"column":45}}],"line":16},"7":{"loc":{"start":{"line":20,"column":8},"end":{"line":25,"column":9}},"type":"if","locations":[{"start":{"line":20,"column":8},"end":{"line":25,"column":9}},{"start":{},"end":{}}],"line":20}},"s":{"0":2,"1":4,"2":2,"3":2,"4":2,"5":2,"6":2,"7":0,"8":0,"9":0,"10":0,"11":0,"12":0,"13":0,"14":0,"15":0,"16":0,"17":0,"18":0,"19":2},"f":{"0":4,"1":0},"b":{"0":[2,2,2],"1":[2,2],"2":[4,4],"3":[0,0],"4":[0,0],"5":[0,0],"6":[0,0],"7":[0,0]},"_coverageSchema":"1a1c01bbd47fc00a2c39e90264f33305004495a9","hash":"481ae59dc616c637b53b12691b0f9f8c18f449ba"}
,"/workspace/api/src/middlewares/authenticate.middleware.ts": {"path":"/workspace/api/src/middlewares/authenticate.middleware.ts","statementMap":{"0":{"start":{"line":2,"column":22},"end":{"line":4,"column":1}},"1":{"start":{"line":3,"column":4},"end":{"line":3,"column":62}},"2":{"start":{"line":5,"column":0},"end":{"line":5,"column":62}},"3":{"start":{"line":6,"column":0},"end":{"line":6,"column":30}},"4":{"start":{"line":7,"column":23},"end":{"line":7,"column":63}},"5":{"start":{"line":8,"column":14},"end":{"line":8,"column":55}},"6":{"start":{"line":12,"column":21},"end":{"line":38,"column":1}},"7":{"start":{"line":13,"column":4},"end":{"line":37,"column":5}},"8":{"start":{"line":14,"column":30},"end":{"line":14,"column":55}},"9":{"start":{"line":15,"column":8},"end":{"line":20,"column":9}},"10":{"start":{"line":16,"column":12},"end":{"line":19,"column":15}},"11":{"start":{"line":21,"column":22},"end":{"line":21,"column":49}},"12":{"start":{"line":22,"column":8},"end":{"line":27,"column":9}},"13":{"start":{"line":23,"column":12},"end":{"line":26,"column":15}},"14":{"start":{"line":28,"column":24},"end":{"line":28,"column":82}},"15":{"start":{"line":29,"column":8},"end":{"line":29,"column":39}},"16":{"start":{"line":30,"column":8},"end":{"line":30,"column":15}},"17":{"start":{"line":33,"column":8},"end":{"line":36,"column":11}},"18":{"start":{"line":39,"column":0},"end":{"line":39,"column":36}}},"fnMap":{"0":{"name":"(anonymous_0)","decl":{"start":{"line":2,"column":56},"end":{"line":2,"column":57}},"loc":{"start":{"line":2,"column":71},"end":{"line":4,"column":1}},"line":2},"1":{"name":"(anonymous_1)","decl":{"start":{"line":12,"column":21},"end":{"line":12,"column":22}},"loc":{"start":{"line":12,"column":41},"end":{"line":38,"column":1}},"line":12}},"branchMap":{"0":{"loc":{"start":{"line":2,"column":22},"end":{"line":4,"column":1}},"type":"binary-expr","locations":[{"start":{"line":2,"column":23},"end":{"line":2,"column":27}},{"start":{"line":2,"column":31},"end":{"line":2,"column":51}},{"start":{"line":2,"column":56},"end":{"line":4,"column":1}}],"line":2},"1":{"loc":{"start":{"line":3,"column":11},"end":{"line":3,"column":61}},"type":"cond-expr","locations":[{"start":{"line":3,"column":37},"end":{"line":3,"column":40}},{"start":{"line":3,"column":43},"end":{"line":3,"column":61}}],"line":3},"2":{"loc":{"start":{"line":3,"column":12},"end":{"line":3,"column":33}},"type":"binary-expr","locations":[{"start":{"line":3,"column":12},"end":{"line":3,"column":15}},{"start":{"line":3,"column":19},"end":{"line":3,"column":33}}],"line":3},"3":{"loc":{"start":{"line":15,"column":8},"end":{"line":20,"column":9}},"type":"if","locations":[{"start":{"line":15,"column":8},"end":{"line":20,"column":9}},{"start":{},"end":{}}],"line":15},"4":{"loc":{"start":{"line":15,"column":12},"end":{"line":15,"column":66}},"type":"binary-expr","locations":[{"start":{"line":15,"column":12},"end":{"line":15,"column":26}},{"start":{"line":15,"column":30},"end":{"line":15,"column":66}}],"line":15},"5":{"loc":{"start":{"line":22,"column":8},"end":{"line":27,"column":9}},"type":"if","locations":[{"start":{"line":22,"column":8},"end":{"line":27,"column":9}},{"start":{},"end":{}}],"line":22}},"s":{"0":2,"1":4,"2":2,"3":2,"4":2,"5":2,"6":2,"7":67,"8":67,"9":67,"10":8,"11":59,"12":59,"13":0,"14":59,"15":58,"16":58,"17":1,"18":2},"f":{"0":4,"1":67},"b":{"0":[2,2,2],"1":[2,2],"2":[4,4],"3":[8,59],"4":[67,59],"5":[0,59]},"_coverageSchema":"1a1c01bbd47fc00a2c39e90264f33305004495a9","hash":"659ea9e7a5b6bd6ab99da34a0be1e48ded6f6953"}
[...]
":{"line":41,"column":8},"end":{"line":41,"column":78}},"47":{"start":{"line":44,"column":22},"end":{"line":46,"column":1}},"48":{"start":{"line":45,"column":4},"end":{"line":45,"column":62}},"49":{"start":{"line":47,"column":0},"end":{"line":47,"column":62}},"50":{"start":{"line":48,"column":0},"end":{"line":48,"column":33}},"51":{"start":{"line":49,"column":26},"end":{"line":49,"column":79}},"52":{"start":{"line":50,"column":24},"end":{"line":50,"column":64}},"53":{"start":{"line":60,"column":8},"end":{"line":60,"column":41}},"54":{"start":{"line":63,"column":8},"end":{"line":92,"column":11}},"55":{"start":{"line":65,"column":12},"end":{"line":67,"column":15}},"56":{"start":{"line":68,"column":12},"end":{"line":91,"column":13}},"57":{"start":{"line":69,"column":33},"end":{"line":72,"column":18}},"58":{"start":{"line":73,"column":16},"end":{"line":73,"column":51}},"59":{"start":{"line":78,"column":16},"end":{"line":89,"column":17}},"60":{"start":{"line":82,"column":37},"end":{"line":85,"column":22}},"61":{"start":{"line":86,"column":20},"end":{"line":88,"column":21}},"62":{"start":{"line":87,"column":24},"end":{"line":87,"column":70}},"63":{"start":{"line":90,"column":16},"end":{"line":90,"column":28}},"64":{"start":{"line":95,"column":8},"end":{"line":101,"column":11}},"65":{"start":{"line":97,"column":12},"end":{"line":100,"column":15}},"66":{"start":{"line":104,"column":8},"end":{"line":126,"column":11}},"67":{"start":{"line":105,"column":30},"end":{"line":108,"column":14}},"68":{"start":{"line":109,"column":28},"end":{"line":109,"column":30}},"69":{"start":{"line":110,"column":12},"end":{"line":124,"column":13}},"70":{"start":{"line":111,"column":16},"end":{"line":123,"column":17}},"71":{"start":{"line":113,"column":35},"end":{"line":115,"column":22}},"72":{"start":{"line":116,"column":20},"end":{"line":116,"column":41}},"73":{"start":{"line":119,"column":20},"end":{"line":121,"column":21}},"74":{"start":{"line":120,"column":24},"end":{"line":120,"column":33}},"75":{"start":{"line":122,"column":20},"end":{"line":122,"column":32}},"76":{"start":{"line":125,"column":12},"end":{"line":125,"column":27}},"77":{"start":{"line":129,"column":0},"end":{"line":129,"column":42}},"78":{"start":{"line":130,"column":0},"end":{"line":130,"column":40}}},"fnMap":{"0":{"name":"(anonymous_0)","decl":{"start":{"line":2,"column":74},"end":{"line":2,"column":75}},"loc":{"start":{"line":2,"column":96},"end":{"line":9,"column":1}},"line":2},"1":{"name":"(anonymous_1)","decl":{"start":{"line":6,"column":38},"end":{"line":6,"column":39}},"loc":{"start":{"line":6,"column":49},"end":{"line":6,"column":65}},"line":6},"2":{"name":"(anonymous_2)","decl":{"start":{"line":9,"column":6},"end":{"line":9,"column":7}},"loc":{"start":{"line":9,"column":28},"end":{"line":12,"column":1}},"line":9},"3":{"name":"(anonymous_3)","decl":{"start":{"line":13,"column":80},"end":{"line":13,"column":81}},"loc":{"start":{"line":13,"column":95},"end":{"line":15,"column":1}},"line":13},"4":{"name":"(anonymous_4)","decl":{"start":{"line":15,"column":5},"end":{"line":15,"column":6}},"loc":{"start":{"line":15,"column":20},"end":{"line":17,"column":1}},"line":15},"5":{"name":"(anonymous_5)","decl":{"start":{"line":18,"column":51},"end":{"line":18,"column":52}},"loc":{"start":{"line":18,"column":63},"end":{"line":34,"column":1}},"line":18},"6":{"name":"(anonymous_6)","decl":{"start":{"line":19,"column":18},"end":{"line":19,"column":19}},"loc":{"start":{"line":19,"column":30},"end":{"line":26,"column":5}},"line":19},"7":{"name":"(anonymous_7)","decl":{"start":{"line":20,"column":48},"end":{"line":20,"column":49}},"loc":{"start":{"line":20,"column":61},"end":{"line":24,"column":9}},"line":20},"8":{"name":"(anonymous_8)","decl":{"start":{"line":27,"column":11},"end":{"line":27,"column":12}},"loc":{"start":{"line":27,"column":26},"end":{"line":33,"column":5}},"line":27},"9":{"name":"(anonymous_9)","decl":{"start":{"line":35,"column":44},"end":{"line":35,"column":45}},"loc":{"start":{"line":35,"column":89},"end":{"line":43,"column":1}},"line":35},"10":{"name":"adopt","decl":{"start":{"line":36,"column":13},"end":{"line":36,"column":18}},"loc":{"start":{"line":36,"column":26},"end":{"line":36,"column":112}},"line":36},"11":{"name":"(anonymous_11)","decl":{"start":{"line":36,"column":70},"end":{"line":36,"column":71}},"loc":{"start":{"line":36,"column":89},"end":{"line":36,"column":108}},"line":36},"12":{"name":"(anonymous_12)","decl":{"start":{"line":37,"column":36},"end":{"line":37,"column":37}},"loc":{"start":{"line":37,"column":63},"end":{"line":42,"column":5}},"line":37},"13":{"name":"fulfilled","decl":{"start":{"line":38,"column":17},"end":{"line":38,"column":26}},"loc":{"start":{"line":38,"column":34},"end":{"line":38,"column":99}},"line":38},"14":{"name":"rejected","decl":{"start":{"line":39,"column":17},"end":{"line":39,"column":25}},"loc":{"start":{"line":39,"column":33},"end":{"line":39,"column":102}},"line":39},"15":{"name":"step","decl":{"start":{"line":40,"column":17},"end":{"line":40,"column":21}},"loc":{"start":{"line":40,"column":30},"end":{"line":40,"column":118}},"line":40},"16":{"name":"(anonymous_16)","decl":{"start":{"line":44,"column":56},"end":{"line":44,"column":57}},"loc":{"start":{"line":44,"column":71},"end":{"line":46,"column":1}},"line":44},"17":{"name":"(anonymous_17)","decl":{"start":{"line":59,"column":4},"end":{"line":59,"column":5}},"loc":{"start":{"line":59,"column":56},"end":{"line":61,"column":5}},"line":59},"18":{"name":"(anonymous_18)","decl":{"start":{"line":62,"column":4},"end":{"line":62,"column":5}},"loc":{"start":{"line":62,"column":24},"end":{"line":93,"column":5}},"line":62},"19":{"name":"(anonymous_19)","decl":{"start":{"line":63,"column":47},"end":{"line":63,"column":48}},"loc":{"start":{"line":63,"column":60},"end":{"line":92,"column":9}},"line":63},"20":{"name":"(anonymous_20)","decl":{"start":{"line":94,"column":4},"end":{"line":94,"column":5}},"loc":{"start":{"line":94,"column":26},"end":{"line":102,"column":5}},"line":94},"21":{"name":"(anonymous_21)","decl":{"start":{"line":95,"column":47},"end":{"line":95,"column":48}},"loc":{"start":{"line":95,"column":60},"end":{"line":101,"column":9}},"line":95},"22":{"name":"(anonymous_22)","decl":{"start":{"line":103,"column":4},"end":{"line":103,"column":5}},"loc":{"start":{"line":103,"column":25},"end":{"line":127,"column":5}},"line":103},"23":{"name":"(anonymous_23)","decl":{"start":{"line":104,"column":47},"end":{"line":104,"column":48}},"loc":{"start":{"line":104,"column":60},"end":{"line":126,"column":9}},"line":104}},"branchMap":{"0":{"loc":{"start":{"line":2,"column":22},"end":{"line":12,"column":3}},"type":"binary-expr","locations":[{"start":{"line":2,"column":23},"end":{"line":2,"column":27}},{"start":{"line":2,"column":31},"end":{"line":2,"column":51}},{"start":{"line":2,"column":57},"end":{"line":12,"column":2}}],"line":2},"1":{"loc":{"start":{"line":2,"column":57},"end":{"line":12,"column":2}},"type":"cond-expr","locations":[{"start":{"line":2,"column":74},"end":{"line":9,"column":1}},{"start":{"line":9,"column":6},"end":{"line":12,"column":1}}],"line":2},"2":{"loc":{"start":{"line":3,"column":4},"end":{"line":3,"column":33}},"type":"if","locations":[{"start":{"line":3,"column":4},"end":{"line":3,"column":33}},{"start":{},"end":{}}],"line":3},"3":{"loc":{"start":{"line":5,"column":4},"end":{"line":7,"column":5}},"type":"if","locations":[{"start":{"line":5,"column":4},"end":{"line":7,"column":5}},{"start":{},"end":{}}],"line":5},"4":{"loc":{"start":{"line":5,"column":8},"end":{"line":5,"column":85}},"type":"binary-expr","locations":[{"start":{"line":5,"column":8},"end":{"line":5,"column":13}},{"start":{"line":5,"column":18},"end":{"line":5,"column":84}}],"line":5},"5":{"loc":{"start":{"line":5,"column":18},"end":{"line":5,"column":84}},"type":"cond-expr","locations":[{"start":{"line":5,"column":34},"end":{"line":5,"column":47}},{"start":{"line":5,"column":50},"end":{"line":5,"column":84}}],"line":5},"6":{"loc":{"start":{"line":5,"column":50},"end":{"line":5,"column":84}},"type":"binary-expr","locations":[{"start":{"line":5,"column":50},"end":{"line":5,"column":63}},{"start":{"line":5,"column":67},"end":{"line":5,"column":84}}],"line":5},"7":{"loc":{"start":{"line":10,"column":4},"end":{"line":10,"column":33}},"type":"if","locations":[{"start":{"line":10,"column":4},"end":{"line":10,"column":33}},{"start":{},"end":{}}],"line":10},"8":{"loc":{"start":{"line":13,"column":25},"end":{"line":17,"column":2}},"type":"binary-expr","locations":[{"start":{"line":13,"column":26},"end":{"line":13,"column":30}},{"start":{"line":13,"column":34},"end":{"line":13,"column":57}},{"start":{"line":13,"column":63},"end":{"line":17,"column":1}}],"line":13},"9":{"loc":{"start":{"line":13,"column":63},"end":{"line":17,"column":1}},"type":"cond-expr","locations":[{"start":{"line":13,"column":80},"end":{"line":15,"column":1}},{"start":{"line":15,"column":5},"end":{"line":17,"column":1}}],"line":13},"10":{"loc":{"start":{"line":18,"column":19},"end":{"line":34,"column":4}},"type":"binary-expr","locations":[{"start":{"line":18,"column":20},"end":{"line":18,"column":24}},{"start":{"line":18,"column":28},"end":{"line":18,"column":45}},{"start":{"line":18,"column":50},"end":{"line":34,"column":4}}],"line":18},"11":{"loc":{"start":{"line":20,"column":18},"end":{"line":24,"column":9}},"type":"binary-expr","locations":[{"start":{"line":20,"column":18},"end":{"line":20,"column":44}},{"start":{"line":20,"column":48},"end":{"line":24,"column":9}}],"line":20},"12":{"loc":{"start":{"line":22,"column":29},"end":{"line":22,"column":95}},"type":"if","locations":[{"start":{"line":22,"column":29},"end":{"line":22,"column":95}},{"start":{},"end":{}}],"line":22},"13":{"loc":{"start":{"line":28,"column":8},"end":{"line":28,"column":46}},"type":"if","locations":[{"start":{"line":28,"column":8},"end":{"line":28,"column":46}},{"start":{},"end":{}}],"line":28},"14":{"loc":{"start":{"line":28,"column":12},"end":{"line":28,"column":33}},"type":"binary-expr","locations":[{"start":{"line":28,"column":12},"end":{"line":28,"column":15}},{"start":{"line":28,"column":19},"end":{"line":28,"column":33}}],"line":28},"15":{"loc":{"start":{"line":30,"column":8},"end":{"line":30,"column":137}},"type":"if","locations":[{"start":{"line":30,"column":8},"end":{"line":30,"column":137}},{"start":{},"end":{}}],"line":30},"16":{"loc":{"start":{"line":30,"column":78},"end":{"line":30,"column":137}},"type":"if","locations":[{"start":{"line":30,"column":78},"end":{"line":30,"column":137}},{"start":{},"end":{}}],"line":30},"17":{"loc":{"start":{"line":35,"column":16},"end":{"line":43,"column":1}},"type":"binary-expr","locations":[{"start":{"line":35,"column":17},"end":{"line":35,"column":21}},{"start":{"line":35,"column":25},"end":{"line":35,"column":39}},{"start":{"line":35,"column":44},"end":{"line":43,"column":1}}],"line":35},"18":{"loc":{"start":{"line":36,"column":35},"end":{"line":36,"column":109}},"type":"cond-expr","locations":[{"start":{"line":36,"column":56},"end":{"line":36,"column":61}},{"start":{"line":36,"column":64},"end":{"line":36,"column":109}}],"line":36},"19":{"loc":{"start":{"line":37,"column":16},"end":{"line":37,"column":34}},"type":"binary-expr","locations":[{"start":{"line":37,"column":16},"end":{"line":37,"column":17}},{"start":{"line":37,"column":22},"end":{"line":37,"column":33}}],"line":37},"20":{"loc":{"start":{"line":40,"column":32},"end":{"line":40,"column":115}},"type":"cond-expr","locations":[{"start":{"line":40,"column":46},"end":{"line":40,"column":67}},{"start":{"line":40,"column":70},"end":{"line":40,"column":115}}],"line":40},"21":{"loc":{"start":{"line":41,"column":51},"end":{"line":41,"column":67}},"type":"binary-expr","locations":[{"start":{"line":41,"column":51},"end":{"line":41,"column":61}},{"start":{"line":41,"column":65},"end":{"line":41,"column":67}}],"line":41},"22":{"loc":{"start":{"line":44,"column":22},"end":{"line":46,"column":1}},"type":"binary-expr","locations":[{"start":{"line":44,"column":23},"end":{"line":44,"column":27}},{"start":{"line":44,"column":31},"end":{"line":44,"column":51}},{"start":{"line":44,"column":56},"end":{"line":46,"column":1}}],"line":44},"23":{"loc":{"start":{"line":45,"column":11},"end":{"line":45,"column":61}},"type":"cond-expr","locations":[{"start":{"line":45,"column":37},"end":{"line":45,"column":40}},{"start":{"line":45,"column":43},"end":{"line":45,"column":61}}],"line":45},"24":{"loc":{"start":{"line":45,"column":12},"end":{"line":45,"column":33}},"type":"binary-expr","locations":[{"start":{"line":45,"column":12},"end":{"line":45,"column":15}},{"start":{"line":45,"column":19},"end":{"line":45,"column":33}}],"line":45},"25":{"loc":{"start":{"line":59,"column":16},"end":{"line":59,"column":54}},"type":"default-arg","locations":[{"start":{"line":59,"column":31},"end":{"line":59,"column":54}}],"line":59},"26":{"loc":{"start":{"line":78,"column":16},"end":{"line":89,"column":17}},"type":"if","locations":[{"start":{"line":78,"column":16},"end":{"line":89,"column":17}},{"start":{},"end":{}}],"line":78},"27":{"loc":{"start":{"line":78,"column":20},"end":{"line":81,"column":40}},"type":"binary-expr","locations":[{"start":{"line":78,"column":20},"end":{"line":78,"column":45}},{"start":{"line":79,"column":20},"end":{"line":79,"column":34}},{"start":{"line":80,"column":20},"end":{"line":80,"column":35}},{"start":{"line":81,"column":20},"end":{"line":81,"column":40}}],"line":78},"28":{"loc":{"start":{"line":86,"column":20},"end":{"line":88,"column":21}},"type":"if","locations":[{"start":{"line":86,"column":20},"end":{"line":88,"column":21}},{"start":{},"end":{}}],"line":86},"29":{"loc":{"start":{"line":119,"column":20},"end":{"line":121,"column":21}},"type":"if","locations":[{"start":{"line":119,"column":20},"end":{"line":121,"column":21}},{"start":{},"end":{}}],"line":119}},"s":{"0":3,"1":0,"2":0,"3":0,"4":0,"5":0,"6":0,"7":0,"8":0,"9":0,"10":0,"11":3,"12":0,"13":0,"14":3,"15":3,"16":0,"17":0,"18":0,"19":0,"20":0,"21":0,"22":0,"23":3,"24":3,"25":3,"26":0,"27":0,"28":0,"29":0,"30":0,"31":0,"32":0,"33":0,"34":0,"35":3,"36":39,"37":12,"38":21,"39":32,"40":32,"41":0,"42":7,"43":7,"44":3,"45":57,"46":21,"47":3,"48":3,"49":3,"50":3,"51":3,"52":3,"53":8,"54":11,"55":11,"56":8,"57":8,"58":6,"59":2,"60":2,"61":2,"62":2,"63":0,"64":3,"65":3,"66":7,"67":7,"68":7,"69":7,"70":8,"71":8,"72":6,"73":2,"74":2,"75":0,"76":7,"77":3,"78":3},"f":{"0":0,"1":0,"2":0,"3":0,"4":0,"5":3,"6":0,"7":0,"8":3,"9":21,"10":39,"11":12,"12":21,"13":32,"14":7,"15":57,"16":3,"17":8,"18":11,"19":11,"20":3,"21":3,"22":7,"23":7},"b":{"0":[3,3,3],"1":[3,0],"2":[0,0],"3":[0,0],"4":[0,0],"5":[0,0],"6":[0,0],"7":[0,0],"8":[3,3,3],"9":[3,0],"10":[3,3,3],"11":[0,0],"12":[0,0],"13":[3,0],"14":[3,3],"15":[0,0],"16":[0,0],"17":[3,3,3],"18":[27,12],"19":[21,21],"20":[18,39],"21":[21,21],"22":[3,3,3],"23":[3,0],"24":[3,3],"25":[3],"26":[2,0],"27":[2,2,2,2],"28":[2,0],"29":[2,0]},"_coverageSchema":"1a1c01bbd47fc00a2c39e90264f33305004495a9","hash":"3e691d8d6c272166481e944cce6a6075da9cadc9"}
,"/workspace/api/src/validators/client.validators.ts": {"path":"/workspace/api/src/validators/client.validators.ts","statementMap":{"0":{"start":{"line":2,"column":0},"end":{"line":2,"column":62}},"1":{"start":{"line":3,"column":0},"end":{"line":3,"column":95}},"2":{"start":{"line":4,"column":28},"end":{"line":4,"column":56}},"3":{"start":{"line":5,"column":19},"end":{"line":5,"column":38}},"4":{"start":{"line":6,"column":0},"end":{"line":41,"column":2}},"5":{"start":{"line":17,"column":36},"end":{"line":17,"column":98}},"6":{"start":{"line":23,"column":8},"end":{"line":25,"column":9}},"7":{"start":{"line":24,"column":12},"end":{"line":24,"column":24}},"8":{"start":{"line":26,"column":8},"end":{"line":28,"column":9}},"9":{"start":{"line":27,"column":12},"end":{"line":27,"column":66}},"10":{"start":{"line":29,"column":8},"end":{"line":29,"column":20}},"11":{"start":{"line":32,"column":23},"end":{"line":32,"column":69}},"12":{"start":{"line":33,"column":8},"end":{"line":38,"column":9}},"13":{"start":{"line":34,"column":12},"end":{"line":37,"column":15}},"14":{"start":{"line":39,"column":8},"end":{"line":39,"column":15}},"15":{"start":{"line":42,"column":0},"end":{"line":56,"column":2}},"16":{"start":{"line":47,"column":23},"end":{"line":47,"column":69}},"17":{"start":{"line":48,"column":8},"end":{"line":53,"column":9}},"18":{"start":{"line":49,"column":12},"end":{"line":52,"column":15}},"19":{"start":{"line":54,"column":8},"end":{"line":54,"column":15}},"20":{"start":{"line":57,"column":0},"end":{"line":82,"column":2}},"21":{"start":{"line":73,"column":23},"end":{"line":73,"column":69}},"22":{"start":{"line":74,"column":8},"end":{"line":79,"column":9}},"23":{"start":{"line":75,"column":12},"end":{"line":78,"column":15}},"24":{"start":{"line":80,"column":8},"end":{"line":80,"column":15}}},"fnMap":{"0":{"name":"(anonymous_0)","decl":{"start":{"line":17,"column":25},"end":{"line":17,"column":26}},"loc":{"start":{"line":17,"column":36},"end":{"line":17,"column":98}},"line":17},"1":{"name":"(anonymous_1)","decl":{"start":{"line":22,"column":16},"end":{"line":22,"column":17}},"loc":{"start":{"line":22,"column":27},"end":{"line":30,"column":5}},"line":22},"2":{"name":"(anonymous_2)","decl":{"start":{"line":31,"column":4},"end":{"line":31,"column":5}},"loc":{"start":{"line":31,"column":24},"end":{"line":40,"column":5}},"line":31},"3":{"name":"(anonymous_3)","decl":{"start":{"line":46,"column":4},"end":{"line":46,"column":5}},"loc":{"start":{"line":46,"column":24},"end":{"line":55,"column":5}},"line":46},"4":{"name":"(anonymous_4)","decl":{"start":{"line":72,"column":4},"end":{"line":72,"column":5}},"loc":{"start":{"line":72,"column":24},"end":{"line":81,"column":5}},"line":72}},"branchMap":{"0":{"loc":{"start":{"line":17,"column":36},"end":{"line":17,"column":98}},"type":"cond-expr","locations":[{"start":{"line":17,"column":64},"end":{"line":17,"column":90}},{"start":{"line":17,"column":93},"end":{"line":17,"column":98}}],"line":17},"1":{"loc":{"start":{"line":23,"column":8},"end":{"line":25,"column":9}},"type":"if","locations":[{"start":{"line":23,"column":8},"end":{"line":25,"column":9}},{"start":{},"end":{}}],"line":23},"2":{"loc":{"start":{"line":23,"column":12},"end":{"line":23,"column":65}},"type":"binary-expr","locations":[{"start":{"line":23,"column":12},"end":{"line":23,"column":31}},{"start":{"line":23,"column":35},"end":{"line":23,"column":49}},{"start":{"line":23,"column":53},"end":{"line":23,"column":65}}],"line":23},"3":{"loc":{"start":{"line":26,"column":8},"end":{"line":28,"column":9}},"type":"if","locations":[{"start":{"line":26,"column":8},"end":{"line":28,"column":9}},{"start":{},"end":{}}],"line":26},"4":{"loc":{"start":{"line":26,"column":12},"end":{"line":26,"column":64}},"type":"binary-expr","locations":[{"start":{"line":26,"column":12},"end":{"line":26,"column":37}},{"start":{"line":26,"column":41},"end":{"line":26,"column":64}}],"line":26},"5":{"loc":{"start":{"line":33,"column":8},"end":{"line":38,"column":9}},"type":"if","locations":[{"start":{"line":33,"column":8},"end":{"line":38,"column":9}},{"start":{},"end":{}}],"line":33},"6":{"loc":{"start":{"line":48,"column":8},"end":{"line":53,"column":9}},"type":"if","locations":[{"start":{"line":48,"column":8},"end":{"line":53,"column":9}},{"start":{},"end":{}}],"line":48},"7":{"loc":{"start":{"line":74,"column":8},"end":{"line":79,"column":9}},"type":"if","locations":[{"start":{"line":74,"column":8},"end":{"line":79,"column":9}},{"start":{},"end":{}}],"line":74}},"s":{"0":2,"1":2,"2":2,"3":2,"4":2,"5":9,"6":2,"7":0,"8":2,"9":1,"10":1,"11":9,"12":9,"13":3,"14":6,"15":2,"16":23,"17":23,"18":4,"19":19,"20":2,"21":12,"22":12,"23":6,"24":6},"f":{"0":9,"1":2,"2":9,"3":23,"4":12},"b":{"0":[9,0],"1":[0,2],"2":[2,2,2],"3":[1,1],"4":[2,2],"5":[3,6],"6":[4,19],"7":[6,6]},"_coverageSchema":"1a1c01bbd47fc00a2c39e90264f33305004495a9","hash":"02a2b7d60a4ae2c0e5c45796c41628816a11cf5b"}
}
