TN:
SF:src/app.ts
FN:2,(anonymous_0)
FN:15,createApp
FN:21,(anonymous_2)
FNF:3
FNH:2
FNDA:6,(anonymous_0)
FNDA:2,createApp
FNDA:0,(anonymous_2)
DA:2,2
DA:3,6
DA:5,2
DA:6,2
DA:7,2
DA:8,2
DA:9,2
DA:10,2
DA:16,2
DA:17,2
DA:18,2
DA:19,2
DA:20,2
DA:21,2
DA:22,0
DA:24,2
DA:25,2
LF:17
LH:16
BRDA:2,0,0,2
BRDA:2,0,1,2
BRDA:2,0,2,2
BRDA:3,1,0,2
BRDA:3,1,1,4
BRDA:3,2,0,6
BRDA:3,2,1,6
BRF:7
BRH:7
end_of_record
TN:
SF:src/config/env.ts
FN:2,(anonymous_0)
FNF:1
FNH:1
FNDA:6,(anonymous_0)
DA:2,2
DA:3,6
DA:5,2
DA:6,2
DA:7,2
DA:8,2
DA:10,2
DA:11,2
DA:12,0
DA:15,2
DA:16,2
LF:11
LH:10
BRDA:2,0,0,2
BRDA:2,0,1,2
BRDA:2,0,2,2
BRDA:3,1,0,0
BRDA:3,1,1,6
BRDA:3,2,0,6
BRDA:3,2,1,6
BRDA:11,3,0,0
BRDA:11,3,1,2
BRDA:15,4,0,0
BRDA:15,4,1,2
BRDA:15,5,0,2
BRDA:15,5,1,2
BRDA:17,6,0,2
BRDA:17,6,1,2
BRDA:18,7,0,2
BRDA:18,7,1,2
BRDA:22,8,0,2
BRDA:22,8,1,0
BRF:19
BRH:15
end_of_record
TN:
SF:src/controllers/ClientController.ts
FN:2,(anonymous_0)
FN:6,(anonymous_1)
FN:9,(anonymous_2)
FN:13,(anonymous_3)
FN:15,(anonymous_4)
FN:18,(anonymous_5)
FN:19,(anonymous_6)
FN:20,(anonymous_7)
FN:27,(anonymous_8)
FN:35,(anonymous_9)
FN:36,adopt
FN:36,(anonymous_11)
FN:37,(anonymous_12)
FN:38,fulfilled
FN:39,rejected
FN:40,step
FN:48,(anonymous_16)
FN:49,(anonymous_17)
FN:70,(anonymous_18)
FN:71,(anonymous_19)
FN:81,(anonymous_20)
FN:93,(anonymous_21)
FN:94,(anonymous_22)
FN:118,(anonymous_23)
FN:119,(anonymous_24)
FN:139,(anonymous_25)
FN:140,(anonymous_26)
FNF:27
FNH:19
FNDA:0,(anonymous_0)
FNDA:0,(anonymous_1)
FNDA:0,(anonymous_2)
FNDA:0,(anonymous_3)
FNDA:0,(anonymous_4)
FNDA:2,(anonymous_5)
FNDA:0,(anonymous_6)
FNDA:0,(anonymous_7)
FNDA:2,(anonymous_8)
FNDA:22,(anonymous_9)
FNDA:22,adopt
FNDA:0,(anonymous_11)
FNDA:22,(anonymous_12)
FNDA:17,fulfilled
FNDA:5,rejected
FNDA:44,step
FNDA:6,(anonymous_16)
FNDA:6,(anonymous_17)
FNDA:6,(anonymous_18)
FNDA:6,(anonymous_19)
FNDA:9,(anonymous_20)
FNDA:4,(anonymous_21)
FNDA:4,(anonymous_22)
FNDA:3,(anonymous_23)
FNDA:3,(anonymous_24)
FNDA:3,(anonymous_25)
FNDA:3,(anonymous_26)
DA:2,2
DA:3,0
DA:4,0
DA:5,0
DA:6,0
DA:8,0
DA:10,0
DA:11,0
DA:13,2
DA:14,0
DA:16,0
DA:18,2
DA:19,2
DA:20,0
DA:21,0
DA:22,0
DA:23,0
DA:25,0
DA:27,2
DA:28,2
DA:29,0
DA:30,0
DA:31,0
DA:32,0
DA:35,2
DA:36,22
DA:37,22
DA:38,17
DA:39,5
DA:40,44
DA:41,22
DA:44,2
DA:45,2
DA:46,2
DA:49,6
DA:50,6
DA:51,6
DA:52,6
DA:53,5
DA:60,1
DA:61,1
DA:66,0
DA:71,6
DA:72,6
DA:73,6
DA:74,6
DA:75,6
DA:76,6
DA:77,6
DA:81,9
DA:89,0
DA:94,4
DA:96,4
DA:97,4
DA:98,4
DA:101,2
DA:108,2
DA:109,2
DA:114,0
DA:119,3
DA:120,3
DA:121,3
DA:122,2
DA:129,1
DA:130,1
DA:135,0
DA:140,3
DA:141,3
DA:142,3
DA:143,2
DA:150,1
DA:151,1
DA:156,0
DA:161,2
LF:74
LH:51
BRDA:2,0,0,2
BRDA:2,0,1,2
BRDA:2,0,2,2
BRDA:2,1,0,2
BRDA:2,1,1,0
BRDA:3,2,0,0
BRDA:3,2,1,0
BRDA:5,3,0,0
BRDA:5,3,1,0
BRDA:5,4,0,0
BRDA:5,4,1,0
BRDA:5,5,0,0
BRDA:5,5,1,0
BRDA:5,6,0,0
BRDA:5,6,1,0
BRDA:10,7,0,0
BRDA:10,7,1,0
BRDA:13,8,0,2
BRDA:13,8,1,2
BRDA:13,8,2,2
BRDA:13,9,0,2
BRDA:13,9,1,0
BRDA:18,10,0,2
BRDA:18,10,1,2
BRDA:18,10,2,2
BRDA:20,11,0,0
BRDA:20,11,1,0
BRDA:22,12,0,0
BRDA:22,12,1,0
BRDA:28,13,0,2
BRDA:28,13,1,0
BRDA:28,14,0,2
BRDA:28,14,1,2
BRDA:30,15,0,0
BRDA:30,15,1,0
BRDA:30,16,0,0
BRDA:30,16,1,0
BRDA:35,17,0,2
BRDA:35,17,1,2
BRDA:35,17,2,2
BRDA:36,18,0,22
BRDA:36,18,1,0
BRDA:37,19,0,22
BRDA:37,19,1,22
BRDA:40,20,0,22
BRDA:40,20,1,22
BRDA:41,21,0,22
BRDA:41,21,1,22
BRDA:60,22,0,1
BRDA:60,22,1,0
BRDA:97,23,0,0
BRDA:97,23,1,4
BRDA:97,24,0,4
BRDA:97,24,1,4
BRDA:108,25,0,2
BRDA:108,25,1,0
BRDA:129,26,0,1
BRDA:129,26,1,0
BRDA:150,27,0,1
BRDA:150,27,1,0
BRF:60
BRH:31
end_of_record
TN:
SF:src/controllers/ContactController.ts
FN:2,(anonymous_0)
FN:3,adopt
FN:3,(anonymous_2)
FN:4,(anonymous_3)
FN:5,fulfilled
FN:6,rejected
FN:7,step
FN:11,(anonymous_7)
FN:32,(anonymous_8)
FN:33,(anonymous_9)
FN:87,(anonymous_10)
FN:88,(anonymous_11)
FN:136,(anonymous_12)
FN:137,(anonymous_13)
FN:199,(anonymous_14)
FN:200,(anonymous_15)
FN:243,(anonymous_16)
FN:244,(anonymous_17)
FNF:18
FNH:1
FNDA:0,(anonymous_0)
FNDA:0,adopt
FNDA:0,(anonymous_2)
FNDA:0,(anonymous_3)
FNDA:0,fulfilled
FNDA:0,rejected
FNDA:0,step
FNDA:2,(anonymous_7)
FNDA:0,(anonymous_8)
FNDA:0,(anonymous_9)
FNDA:0,(anonymous_10)
FNDA:0,(anonymous_11)
FNDA:0,(anonymous_12)
FNDA:0,(anonymous_13)
FNDA:0,(anonymous_14)
FNDA:0,(anonymous_15)
FNDA:0,(anonymous_16)
FNDA:0,(anonymous_17)
DA:2,2
DA:3,0
DA:4,0
DA:5,0
DA:6,0
DA:7,0
DA:8,0
DA:11,2
DA:12,2
DA:14,2
DA:15,2
DA:16,2
DA:33,0
DA:34,0
DA:35,0
DA:36,0
DA:43,0
DA:88,0
DA:89,0
DA:91,0
DA:92,0
DA:93,0
DA:97,0
DA:100,0
DA:102,0
DA:103,0
DA:109,0
DA:137,0
DA:138,0
DA:139,0
DA:140,0
DA:141,0
DA:145,0
DA:147,0
DA:153,0
DA:200,0
DA:201,0
DA:202,0
DA:203,0
DA:204,0
DA:208,0
DA:210,0
DA:216,0
DA:244,0
DA:245,0
DA:246,0
DA:247,0
DA:253,0
DA:261,2
DA:262,2
LF:50
LH:8
BRDA:2,0,0,2
BRDA:2,0,1,2
BRDA:2,0,2,2
BRDA:3,1,0,0
BRDA:3,1,1,0
BRDA:4,2,0,0
BRDA:4,2,1,0
BRDA:7,3,0,0
BRDA:7,3,1,0
BRDA:8,4,0,0
BRDA:8,4,1,0
BRDA:11,5,0,2
BRDA:11,5,1,2
BRDA:11,5,2,2
BRDA:12,6,0,2
BRDA:12,6,1,0
BRDA:12,7,0,2
BRDA:12,7,1,2
BRDA:92,8,0,0
BRDA:92,8,1,0
BRDA:140,9,0,0
BRDA:140,9,1,0
BRDA:203,10,0,0
BRDA:203,10,1,0
BRF:24
BRH:9
end_of_record
TN:
SF:src/controllers/FavoriteController.ts
FN:2,(anonymous_0)
FN:3,adopt
FN:3,(anonymous_2)
FN:4,(anonymous_3)
FN:5,fulfilled
FN:6,rejected
FN:7,step
FN:11,(anonymous_7)
FN:19,(anonymous_8)
FN:20,(anonymous_9)
FN:52,(anonymous_10)
FN:53,(anonymous_11)
FN:75,(anonymous_12)
FN:76,(anonymous_13)
FN:87,(anonymous_14)
FNF:15
FNH:14
FNDA:15,(anonymous_0)
FNDA:15,adopt
FNDA:0,(anonymous_2)
FNDA:15,(anonymous_3)
FNDA:13,fulfilled
FNDA:2,rejected
FNDA:30,step
FNDA:2,(anonymous_7)
FNDA:7,(anonymous_8)
FNDA:7,(anonymous_9)
FNDA:2,(anonymous_10)
FNDA:2,(anonymous_11)
FNDA:6,(anonymous_12)
FNDA:6,(anonymous_13)
FNDA:6,(anonymous_14)
DA:2,2
DA:3,15
DA:4,15
DA:5,13
DA:6,2
DA:7,30
DA:8,15
DA:11,2
DA:12,2
DA:14,2
DA:15,2
DA:16,2
DA:17,2
DA:20,7
DA:22,7
DA:23,7
DA:24,7
DA:29,5
DA:42,2
DA:43,2
DA:48,0
DA:53,2
DA:54,2
DA:55,2
DA:60,2
DA:71,0
DA:76,6
DA:78,6
DA:79,6
DA:80,6
DA:84,6
DA:87,6
DA:91,0
DA:96,2
LF:34
LH:31
BRDA:2,0,0,2
BRDA:2,0,1,2
BRDA:2,0,2,2
BRDA:3,1,0,15
BRDA:3,1,1,0
BRDA:4,2,0,15
BRDA:4,2,1,15
BRDA:7,3,0,15
BRDA:7,3,1,15
BRDA:8,4,0,15
BRDA:8,4,1,15
BRDA:11,5,0,2
BRDA:11,5,1,2
BRDA:11,5,2,2
BRDA:12,6,0,2
BRDA:12,6,1,0
BRDA:12,7,0,2
BRDA:12,7,1,2
BRDA:23,8,0,0
BRDA:23,8,1,7
BRDA:23,9,0,7
BRDA:23,9,1,7
BRDA:29,10,0,4
BRDA:29,10,1,1
BRDA:31,11,0,4
BRDA:31,11,1,1
BRDA:42,12,0,2
BRDA:42,12,1,0
BRDA:79,13,0,0
BRDA:79,13,1,6
BRDA:79,14,0,6
BRDA:79,14,1,6
BRF:32
BRH:27
end_of_record
TN:
SF:src/controllers/UserController.ts
FN:2,(anonymous_0)
FN:3,adopt
FN:3,(anonymous_2)
FN:4,(anonymous_3)
FN:5,fulfilled
FN:6,rejected
FN:7,step
FN:11,(anonymous_7)
FN:35,(anonymous_8)
FN:36,(anonymous_9)
FN:85,(anonymous_10)
FN:86,(anonymous_11)
FN:143,(anonymous_12)
FN:144,(anonymous_13)
FN:202,(anonymous_14)
FN:203,(anonymous_15)
FN:246,(anonymous_16)
FN:247,(anonymous_17)
FN:289,(anonymous_18)
FN:290,(anonymous_19)
FN:364,(anonymous_20)
FN:365,(anonymous_21)
FNF:22
FNH:1
FNDA:0,(anonymous_0)
FNDA:0,adopt
FNDA:0,(anonymous_2)
FNDA:0,(anonymous_3)
FNDA:0,fulfilled
FNDA:0,rejected
FNDA:0,step
FNDA:8,(anonymous_7)
FNDA:0,(anonymous_8)
FNDA:0,(anonymous_9)
FNDA:0,(anonymous_10)
FNDA:0,(anonymous_11)
FNDA:0,(anonymous_12)
FNDA:0,(anonymous_13)
FNDA:0,(anonymous_14)
FNDA:0,(anonymous_15)
FNDA:0,(anonymous_16)
FNDA:0,(anonymous_17)
FNDA:0,(anonymous_18)
FNDA:0,(anonymous_19)
FNDA:0,(anonymous_20)
FNDA:0,(anonymous_21)
DA:2,2
DA:3,0
DA:4,0
DA:5,0
DA:6,0
DA:7,0
DA:8,0
DA:11,2
DA:12,8
DA:14,2
DA:15,2
DA:16,2
DA:17,2
DA:18,2
DA:19,2
DA:36,0
DA:37,0
DA:38,0
DA:39,0
DA:46,0
DA:86,0
DA:87,0
DA:88,0
DA:90,0
DA:91,0
DA:92,0
DA:96,0
DA:99,0
DA:107,0
DA:109,0
DA:110,0
DA:116,0
DA:144,0
DA:145,0
DA:146,0
DA:147,0
DA:148,0
DA:152,0
DA:154,0
DA:160,0
DA:203,0
DA:204,0
DA:205,0
DA:206,0
DA:207,0
DA:211,0
DA:213,0
DA:219,0
DA:247,0
DA:248,0
DA:249,0
DA:250,0
DA:256,0
DA:290,0
DA:291,0
DA:292,0
DA:294,0
DA:295,0
DA:296,0
DA:300,0
DA:303,0
DA:304,0
DA:305,0
DA:309,0
DA:312,0
DA:315,0
DA:317,0
DA:318,0
DA:326,0
DA:365,0
DA:366,0
DA:367,0
DA:368,0
DA:369,0
DA:370,0
DA:374,0
DA:377,0
DA:379,0
DA:380,0
DA:386,0
DA:394,2
DA:395,2
LF:82
LH:11
BRDA:2,0,0,2
BRDA:2,0,1,2
BRDA:2,0,2,2
BRDA:3,1,0,0
BRDA:3,1,1,0
BRDA:4,2,0,0
BRDA:4,2,1,0
BRDA:7,3,0,0
BRDA:7,3,1,0
BRDA:8,4,0,0
BRDA:8,4,1,0
BRDA:11,5,0,2
BRDA:11,5,1,2
BRDA:11,5,2,2
BRDA:12,6,0,4
BRDA:12,6,1,4
BRDA:12,7,0,8
BRDA:12,7,1,8
BRDA:91,8,0,0
BRDA:91,8,1,0
BRDA:147,9,0,0
BRDA:147,9,1,0
BRDA:206,10,0,0
BRDA:206,10,1,0
BRDA:295,11,0,0
BRDA:295,11,1,0
BRDA:304,12,0,0
BRDA:304,12,1,0
BRDA:369,13,0,0
BRDA:369,13,1,0
BRF:30
BRH:10
end_of_record
TN:
SF:src/lib/obfuscate.ts
FN:9,obfuscateValue
FN:30,toPublicClient
FNF:2
FNH:2
FNDA:65,obfuscateValue
FNDA:28,toPublicClient
DA:2,3
DA:3,3
DA:4,3
DA:10,65
DA:11,2
DA:13,63
DA:14,4
DA:16,59
DA:17,1
DA:19,58
DA:20,58
DA:21,2
DA:23,56
DA:24,56
DA:31,28
DA:32,28
DA:40,28
DA:41,8
DA:43,28
LF:19
LH:19
BRDA:10,0,0,2
BRDA:10,0,1,63
BRDA:10,1,0,65
BRDA:10,1,1,64
BRDA:13,2,0,4
BRDA:13,2,1,59
BRDA:16,3,0,1
BRDA:16,3,1,58
BRDA:20,4,0,2
BRDA:20,4,1,56
BRDA:40,5,0,8
BRDA:40,5,1,20
BRDA:40,6,0,28
BRDA:40,6,1,8
BRDA:40,6,2,8
BRF:15
BRH:15
end_of_record
TN:
SF:src/middlewares/attachAuthenticatedUser.middleware.ts
FN:2,(anonymous_0)
FN:3,adopt
FN:3,(anonymous_2)
FN:4,(anonymous_3)
FN:5,fulfilled
FN:6,rejected
FN:7,step
FN:11,(anonymous_7)
FN:22,(anonymous_8)
FN:22,(anonymous_9)
FNF:10
FNH:9
FNDA:36,(anonymous_0)
FNDA:36,adopt
FNDA:36,(anonymous_2)
FNDA:36,(anonymous_3)
FNDA:36,fulfilled
FNDA:0,rejected
FNDA:72,step
FNDA:2,(anonymous_7)
FNDA:36,(anonymous_8)
FNDA:36,(anonymous_9)
DA:2,2
DA:3,36
DA:4,36
DA:5,36
DA:6,0
DA:7,72
DA:8,36
DA:11,2
DA:12,2
DA:14,2
DA:15,2
DA:16,2
DA:22,36
DA:24,36
DA:25,36
DA:26,0
DA:31,36
DA:32,36
DA:33,1
DA:38,35
DA:39,35
DA:40,35
DA:43,0
DA:46,2
LF:24
LH:21
BRDA:2,0,0,2
BRDA:2,0,1,2
BRDA:2,0,2,2
BRDA:3,1,0,0
BRDA:3,1,1,36
BRDA:4,2,0,36
BRDA:4,2,1,36
BRDA:7,3,0,36
BRDA:7,3,1,36
BRDA:8,4,0,36
BRDA:8,4,1,36
BRDA:11,5,0,2
BRDA:11,5,1,2
BRDA:11,5,2,2
BRDA:12,6,0,2
BRDA:12,6,1,0
BRDA:12,7,0,2
BRDA:12,7,1,2
BRDA:25,8,0,0
BRDA:25,8,1,36
BRDA:25,9,0,0
BRDA:25,9,1,36
BRDA:25,10,0,36
BRDA:25,10,1,36
BRDA:32,11,0,1
BRDA:32,11,1,35
BRDA:38,12,0,4
BRDA:38,12,1,31
BRF:28
BRH:24
end_of_record
TN:
SF:src/middlewares/auth.middleware.ts
FN:2,(anonymous_0)
FN:9,(anonymous_1)
FNF:2
FNH:1
FNDA:4,(anonymous_0)
FNDA:0,(anonymous_1)
DA:2,2
DA:3,4
DA:5,2
DA:6,2
DA:7,2
DA:8,2
DA:9,2
DA:10,0
DA:12,0
DA:13,0
DA:14,0
DA:16,0
DA:17,0
DA:20,0
DA:21,0
DA:27,0
DA:29,0
DA:30,0
DA:33,0
DA:39,2
LF:20
LH:8
BRDA:2,0,0,2
BRDA:2,0,1,2
BRDA:2,0,2,2
BRDA:3,1,0,2
BRDA:3,1,1,2
BRDA:3,2,0,4
BRDA:3,2,1,4
BRDA:13,3,0,0
BRDA:13,3,1,0
BRDA:13,4,0,0
BRDA:13,4,1,0
BRDA:16,5,0,0
BRDA:16,5,1,0
BRDA:16,6,0,0
BRDA:16,6,1,0
BRDA:20,7,0,0
BRDA:20,7,1,0
BRF:17
BRH:7
end_of_record
TN:
SF:src/middlewares/authenticate.middleware.ts
FN:2,(anonymous_0)
FN:12,(anonymous_1)
FNF:2
FNH:2
FNDA:4,(anonymous_0)
FNDA:67,(anonymous_1)
DA:2,2
DA:3,4
DA:5,2
DA:6,2
DA:7,2
DA:8,2
DA:12,2
DA:13,67
DA:14,67
DA:15,67
DA:16,8
DA:21,59
DA:22,59
DA:23,0
DA:28,59
DA:29,58
DA:30,58
DA:33,1
DA:39,2
LF:19
LH:18
BRDA:2,0,0,2
BRDA:2,0,1,2
BRDA:2,0,2,2
BRDA:3,1,0,2
BRDA:3,1,1,2
BRDA:3,2,0,4
BRDA:3,2,1,4
BRDA:15,3,0,8
BRDA:15,3,1,59
BRDA:15,4,0,67
BRDA:15,4,1,59
BRDA:22,5,0,0
BRDA:22,5,1,59
BRF:13
BRH:12
end_of_record
TN:
SF:src/middlewares/error.middleware.ts
FN:7,(anonymous_0)
FN:15,(anonymous_1)
FNF:2
FNH:0
FNDA:0,(anonymous_0)
FNDA:0,(anonymous_1)
DA:2,2
DA:3,2
DA:7,2
DA:8,0
DA:9,0
DA:14,2
DA:15,2
DA:16,0
DA:17,0
DA:18,0
DA:20,2
LF:11
LH:6
BRF:0
BRH:0
end_of_record
TN:
SF:src/middlewares/requireAdmin.middleware.ts
FN:2,(anonymous_0)
FN:3,adopt
FN:3,(anonymous_2)
FN:4,(anonymous_3)
FN:5,fulfilled
FN:6,rejected
FN:7,step
FN:11,(anonymous_7)
FN:21,(anonymous_8)
FN:21,(anonymous_9)
FNF:10
FNH:9
FNDA:22,(anonymous_0)
FNDA:22,adopt
FNDA:22,(anonymous_2)
FNDA:22,(anonymous_3)
FNDA:22,fulfilled
FNDA:0,rejected
FNDA:44,step
FNDA:2,(anonymous_7)
FNDA:22,(anonymous_8)
FNDA:22,(anonymous_9)
DA:2,2
DA:3,22
DA:4,22
DA:5,22
DA:6,0
DA:7,44
DA:8,22
DA:11,2
DA:12,2
DA:14,2
DA:15,2
DA:16,2
DA:21,22
DA:23,22
DA:24,22
DA:25,0
DA:30,22
DA:31,22
DA:32,1
DA:37,21
DA:38,4
DA:43,17
DA:46,0
DA:49,2
LF:24
LH:21
BRDA:2,0,0,2
BRDA:2,0,1,2
BRDA:2,0,2,2
BRDA:3,1,0,0
BRDA:3,1,1,22
BRDA:4,2,0,22
BRDA:4,2,1,22
BRDA:7,3,0,22
BRDA:7,3,1,22
BRDA:8,4,0,22
BRDA:8,4,1,22
BRDA:11,5,0,2
BRDA:11,5,1,2
BRDA:11,5,2,2
BRDA:12,6,0,2
BRDA:12,6,1,0
BRDA:12,7,0,2
BRDA:12,7,1,2
BRDA:24,8,0,0
BRDA:24,8,1,22
BRDA:24,9,0,0
BRDA:24,9,1,22
BRDA:24,10,0,22
BRDA:24,10,1,22
BRDA:31,11,0,1
BRDA:31,11,1,21
BRDA:37,12,0,4
BRDA:37,12,1,17
BRF:28
BRH:24
end_of_record
TN:
SF:src/middlewares/requireAdminForInactiveFilter.middleware.ts
FN:10,(anonymous_0)
FNF:1
FNH:1
FNDA:14,(anonymous_0)
DA:2,2
DA:3,2
DA:10,2
DA:12,14
DA:13,2
DA:18,12
DA:20,2
LF:7
LH:7
BRDA:12,0,0,2
BRDA:12,0,1,12
BRDA:12,1,0,14
BRDA:12,1,1,3
BRDA:12,2,0,0
BRDA:12,2,1,3
BRDA:12,3,0,3
BRDA:12,3,1,3
BRF:8
BRH:7
end_of_record
TN:
SF:src/models/client-favorite.ts
FN:2,(anonymous_0)
FN:6,(anonymous_1)
FN:9,(anonymous_2)
FN:13,(anonymous_3)
FN:15,(anonymous_4)
FN:18,(anonymous_5)
FN:19,(anonymous_6)
FN:20,(anonymous_7)
FN:27,(anonymous_8)
FNF:9
FNH:6
FNDA:159,(anonymous_0)
FNDA:9,(anonymous_1)
FNDA:0,(anonymous_2)
FNDA:3,(anonymous_3)
FNDA:0,(anonymous_4)
FNDA:3,(anonymous_5)
FNDA:3,(anonymous_6)
FNDA:0,(anonymous_7)
FNDA:3,(anonymous_8)
DA:2,3
DA:3,159
DA:4,159
DA:5,159
DA:6,156
DA:8,159
DA:10,0
DA:11,0
DA:13,3
DA:14,3
DA:16,0
DA:18,3
DA:19,3
DA:20,3
DA:21,0
DA:22,0
DA:23,0
DA:25,3
DA:27,3
DA:28,3
DA:29,3
DA:30,162
DA:31,3
DA:32,3
DA:35,3
DA:36,3
DA:37,3
DA:52,3
DA:53,3
DA:54,3
LF:30
LH:24
BRDA:2,0,0,3
BRDA:2,0,1,3
BRDA:2,0,2,3
BRDA:2,1,0,3
BRDA:2,1,1,0
BRDA:3,2,0,159
BRDA:3,2,1,0
BRDA:5,3,0,156
BRDA:5,3,1,3
BRDA:5,4,0,159
BRDA:5,4,1,159
BRDA:5,5,0,0
BRDA:5,5,1,159
BRDA:5,6,0,159
BRDA:5,6,1,3
BRDA:10,7,0,0
BRDA:10,7,1,0
BRDA:13,8,0,3
BRDA:13,8,1,3
BRDA:13,8,2,3
BRDA:13,9,0,3
BRDA:13,9,1,0
BRDA:18,10,0,3
BRDA:18,10,1,3
BRDA:18,10,2,3
BRDA:20,11,0,3
BRDA:20,11,1,0
BRDA:22,12,0,0
BRDA:22,12,1,0
BRDA:28,13,0,0
BRDA:28,13,1,3
BRDA:28,14,0,3
BRDA:28,14,1,3
BRDA:30,15,0,3
BRDA:30,15,1,0
BRDA:30,16,0,159
BRDA:30,16,1,3
BRF:37
BRH:26
end_of_record
TN:
SF:src/models/client.ts
FN:2,(anonymous_0)
FN:6,(anonymous_1)
FN:9,(anonymous_2)
FN:13,(anonymous_3)
FN:15,(anonymous_4)
FN:18,(anonymous_5)
FN:19,(anonymous_6)
FN:20,(anonymous_7)
FN:27,(anonymous_8)
FNF:9
FNH:6
FNDA:212,(anonymous_0)
FNDA:4,(anonymous_1)
FNDA:0,(anonymous_2)
FNDA:4,(anonymous_3)
FNDA:0,(anonymous_4)
FNDA:4,(anonymous_5)
FNDA:4,(anonymous_6)
FNDA:0,(anonymous_7)
FNDA:4,(anonymous_8)
DA:2,4
DA:3,212
DA:4,212
DA:5,212
DA:6,208
DA:8,212
DA:10,0
DA:11,0
DA:13,4
DA:14,4
DA:16,0
DA:18,4
DA:19,4
DA:20,4
DA:21,0
DA:22,0
DA:23,0
DA:25,4
DA:27,4
DA:28,4
DA:29,4
DA:30,216
DA:31,4
DA:32,4
DA:35,4
DA:36,4
DA:37,4
DA:60,4
DA:61,4
DA:62,4
LF:30
LH:24
BRDA:2,0,0,4
BRDA:2,0,1,4
BRDA:2,0,2,4
BRDA:2,1,0,4
BRDA:2,1,1,0
BRDA:3,2,0,212
BRDA:3,2,1,0
BRDA:5,3,0,208
BRDA:5,3,1,4
BRDA:5,4,0,212
BRDA:5,4,1,212
BRDA:5,5,0,0
BRDA:5,5,1,212
BRDA:5,6,0,212
BRDA:5,6,1,4
BRDA:10,7,0,0
BRDA:10,7,1,0
BRDA:13,8,0,4
BRDA:13,8,1,4
BRDA:13,8,2,4
BRDA:13,9,0,4
BRDA:13,9,1,0
BRDA:18,10,0,4
BRDA:18,10,1,4
BRDA:18,10,2,4
BRDA:20,11,0,4
BRDA:20,11,1,0
BRDA:22,12,0,0
BRDA:22,12,1,0
BRDA:28,13,0,0
BRDA:28,13,1,4
BRDA:28,14,0,4
BRDA:28,14,1,4
BRDA:30,15,0,4
BRDA:30,15,1,0
BRDA:30,16,0,212
BRDA:30,16,1,4
BRF:37
BRH:26
end_of_record
TN:
SF:src/models/contact.ts
FN:2,(anonymous_0)
FN:6,(anonymous_1)
FN:9,(anonymous_2)
FN:13,(anonymous_3)
FN:15,(anonymous_4)
FN:18,(anonymous_5)
FN:19,(anonymous_6)
FN:20,(anonymous_7)
FN:27,(anonymous_8)
FNF:9
FNH:6
FNDA:106,(anonymous_0)
FNDA:2,(anonymous_1)
FNDA:0,(anonymous_2)
FNDA:2,(anonymous_3)
FNDA:0,(anonymous_4)
FNDA:2,(anonymous_5)
FNDA:2,(anonymous_6)
FNDA:0,(anonymous_7)
FNDA:2,(anonymous_8)
DA:2,2
DA:3,106
DA:4,106
DA:5,106
DA:6,104
DA:8,106
DA:10,0
DA:11,0
DA:13,2
DA:14,2
DA:16,0
DA:18,2
DA:19,2
DA:20,2
DA:21,0
DA:22,0
DA:23,0
DA:25,2
DA:27,2
DA:28,2
DA:29,2
DA:30,108
DA:31,2
DA:32,2
DA:35,2
DA:36,2
DA:38,2
DA:60,2
DA:61,2
LF:29
LH:23
BRDA:2,0,0,2
BRDA:2,0,1,2
BRDA:2,0,2,2
BRDA:2,1,0,2
BRDA:2,1,1,0
BRDA:3,2,0,106
BRDA:3,2,1,0
BRDA:5,3,0,104
BRDA:5,3,1,2
BRDA:5,4,0,106
BRDA:5,4,1,106
BRDA:5,5,0,0
BRDA:5,5,1,106
BRDA:5,6,0,106
BRDA:5,6,1,2
BRDA:10,7,0,0
BRDA:10,7,1,0
BRDA:13,8,0,2
BRDA:13,8,1,2
BRDA:13,8,2,2
BRDA:13,9,0,2
BRDA:13,9,1,0
BRDA:18,10,0,2
BRDA:18,10,1,2
BRDA:18,10,2,2
BRDA:20,11,0,2
BRDA:20,11,1,0
BRDA:22,12,0,0
BRDA:22,12,1,0
BRDA:28,13,0,0
BRDA:28,13,1,2
BRDA:28,14,0,2
BRDA:28,14,1,2
BRDA:30,15,0,2
BRDA:30,15,1,0
BRDA:30,16,0,106
BRDA:30,16,1,2
BRF:37
BRH:26
end_of_record
TN:
SF:src/models/user.ts
FN:2,(anonymous_0)
FN:6,(anonymous_1)
FN:9,(anonymous_2)
FN:13,(anonymous_3)
FN:15,(anonymous_4)
FN:18,(anonymous_5)
FN:19,(anonymous_6)
FN:20,(anonymous_7)
FN:27,(anonymous_8)
FNF:9
FNH:6
FNDA:106,(anonymous_0)
FNDA:2,(anonymous_1)
FNDA:0,(anonymous_2)
FNDA:2,(anonymous_3)
FNDA:0,(anonymous_4)
FNDA:2,(anonymous_5)
FNDA:2,(anonymous_6)
FNDA:0,(anonymous_7)
FNDA:2,(anonymous_8)
DA:2,2
DA:3,106
DA:4,106
DA:5,106
DA:6,104
DA:8,106
DA:10,0
DA:11,0
DA:13,2
DA:14,2
DA:16,0
DA:18,2
DA:19,2
DA:20,2
DA:21,0
DA:22,0
DA:23,0
DA:25,2
DA:27,2
DA:28,2
DA:29,2
DA:30,108
DA:31,2
DA:32,2
DA:35,2
DA:36,2
DA:38,2
DA:70,2
DA:71,2
LF:29
LH:23
BRDA:2,0,0,2
BRDA:2,0,1,2
BRDA:2,0,2,2
BRDA:2,1,0,2
BRDA:2,1,1,0
BRDA:3,2,0,106
BRDA:3,2,1,0
BRDA:5,3,0,104
BRDA:5,3,1,2
BRDA:5,4,0,106
BRDA:5,4,1,106
BRDA:5,5,0,0
BRDA:5,5,1,106
BRDA:5,6,0,106
BRDA:5,6,1,2
BRDA:10,7,0,0
BRDA:10,7,1,0
BRDA:13,8,0,2
BRDA:13,8,1,2
BRDA:13,8,2,2
BRDA:13,9,0,2
BRDA:13,9,1,0
BRDA:18,10,0,2
BRDA:18,10,1,2
BRDA:18,10,2,2
BRDA:20,11,0,2
BRDA:20,11,1,0
BRDA:22,12,0,0
BRDA:22,12,1,0
BRDA:28,13,0,0
BRDA:28,13,1,2
BRDA:28,14,0,2
BRDA:28,14,1,2
BRDA:30,15,0,2
BRDA:30,15,1,0
BRDA:30,16,0,106
BRDA:30,16,1,2
BRF:37
BRH:26
end_of_record
TN:
SF:src/routes/api.routes.ts
FN:2,(anonymous_0)
FN:19,(anonymous_1)
FNF:2
FNH:1
FNDA:8,(anonymous_0)
FNDA:0,(anonymous_1)
DA:2,2
DA:3,8
DA:5,2
DA:6,2
DA:7,2
DA:8,2
DA:9,2
DA:10,2
DA:11,2
DA:12,2
DA:13,2
DA:14,2
DA:15,2
DA:16,2
DA:17,2
DA:19,2
DA:20,0
DA:26,2
DA:29,2
DA:33,2
DA:56,2
DA:69,2
DA:91,2
DA:95,2
DA:102,2
DA:105,2
DA:130,2
DA:133,2
DA:137,2
LF:29
LH:28
BRDA:2,0,0,2
BRDA:2,0,1,2
BRDA:2,0,2,2
BRDA:3,1,0,8
BRDA:3,1,1,0
BRDA:3,2,0,8
BRDA:3,2,1,8
BRF:7
BRH:6
end_of_record
TN:
SF:src/services/ClientService.ts
FN:2,(anonymous_0)
FN:3,adopt
FN:3,(anonymous_2)
FN:4,(anonymous_3)
FN:5,fulfilled
FN:6,rejected
FN:7,step
FN:11,(anonymous_7)
FN:18,(anonymous_8)
FN:25,(anonymous_9)
FN:31,normalizeEmail
FN:34,isAbsentPhone
FN:38,(anonymous_12)
FN:39,(anonymous_13)
FN:63,(anonymous_14)
FN:64,(anonymous_15)
FN:82,(anonymous_16)
FN:83,(anonymous_17)
FN:94,(anonymous_18)
FN:95,(anonymous_19)
FN:108,(anonymous_20)
FN:109,(anonymous_21)
FNF:22
FNH:22
FNDA:44,(anonymous_0)
FNDA:48,adopt
FNDA:31,(anonymous_2)
FNDA:44,(anonymous_3)
FNDA:47,fulfilled
FNDA:1,rejected
FNDA:82,step
FNDA:4,(anonymous_7)
FNDA:1,(anonymous_8)
FNDA:11,(anonymous_9)
FNDA:6,normalizeEmail
FNDA:6,isAbsentPhone
FNDA:6,(anonymous_12)
FNDA:6,(anonymous_13)
FNDA:7,(anonymous_14)
FNDA:7,(anonymous_15)
FNDA:20,(anonymous_16)
FNDA:20,(anonymous_17)
FNDA:5,(anonymous_18)
FNDA:5,(anonymous_19)
FNDA:6,(anonymous_20)
FNDA:6,(anonymous_21)
DA:2,4
DA:3,48
DA:4,44
DA:5,47
DA:6,1
DA:7,82
DA:8,44
DA:11,4
DA:12,4
DA:14,4
DA:15,4
DA:16,4
DA:19,1
DA:20,1
DA:23,4
DA:26,11
DA:27,11
DA:30,4
DA:32,6
DA:35,6
DA:39,6
DA:40,6
DA:41,6
DA:46,6
DA:47,1
DA:49,6
DA:50,6
DA:53,1
DA:57,1
DA:59,0
DA:64,7
DA:65,7
DA:66,7
DA:67,7
DA:74,7
DA:83,20
DA:84,20
DA:85,20
DA:86,2
DA:88,18
DA:89,4
DA:91,14
DA:95,5
DA:96,5
DA:97,5
DA:98,1
DA:100,4
DA:101,2
DA:103,2
DA:104,2
DA:105,2
DA:109,6
DA:110,6
DA:111,6
DA:112,2
DA:114,4
DA:115,2
DA:117,2
DA:118,2
DA:119,2
DA:123,4
DA:124,4
LF:62
LH:61
BRDA:2,0,0,4
BRDA:2,0,1,4
BRDA:2,0,2,4
BRDA:3,1,0,17
BRDA:3,1,1,31
BRDA:4,2,0,44
BRDA:4,2,1,44
BRDA:7,3,0,34
BRDA:7,3,1,48
BRDA:8,4,0,44
BRDA:8,4,1,44
BRDA:11,5,0,4
BRDA:11,5,1,4
BRDA:11,5,2,4
BRDA:12,6,0,4
BRDA:12,6,1,0
BRDA:12,7,0,4
BRDA:12,7,1,4
BRDA:18,8,0,1
BRDA:25,9,0,11
BRDA:35,10,0,6
BRDA:35,10,1,3
BRDA:35,10,2,2
BRDA:46,11,0,1
BRDA:46,11,1,5
BRDA:53,12,0,1
BRDA:53,12,1,0
BRDA:53,13,0,1
BRDA:53,13,1,1
BRDA:53,13,2,1
BRDA:53,13,3,1
BRDA:85,14,0,2
BRDA:85,14,1,18
BRDA:88,15,0,4
BRDA:88,15,1,14
BRDA:88,16,0,18
BRDA:88,16,1,8
BRDA:97,17,0,1
BRDA:97,17,1,4
BRDA:100,18,0,2
BRDA:100,18,1,2
BRDA:111,19,0,2
BRDA:111,19,1,4
BRDA:114,20,0,2
BRDA:114,20,1,2
BRF:45
BRH:43
end_of_record
TN:
SF:src/services/FavoriteService.ts
FN:2,(anonymous_0)
FN:6,(anonymous_1)
FN:9,(anonymous_2)
FN:13,(anonymous_3)
FN:15,(anonymous_4)
FN:18,(anonymous_5)
FN:19,(anonymous_6)
FN:20,(anonymous_7)
FN:27,(anonymous_8)
FN:35,(anonymous_9)
FN:36,adopt
FN:36,(anonymous_11)
FN:37,(anonymous_12)
FN:38,fulfilled
FN:39,rejected
FN:40,step
FN:44,(anonymous_16)
FN:59,(anonymous_17)
FN:62,(anonymous_18)
FN:63,(anonymous_19)
FN:94,(anonymous_20)
FN:95,(anonymous_21)
FN:103,(anonymous_22)
FN:104,(anonymous_23)
FNF:24
FNH:17
FNDA:0,(anonymous_0)
FNDA:0,(anonymous_1)
FNDA:0,(anonymous_2)
FNDA:0,(anonymous_3)
FNDA:0,(anonymous_4)
FNDA:3,(anonymous_5)
FNDA:0,(anonymous_6)
FNDA:0,(anonymous_7)
FNDA:3,(anonymous_8)
FNDA:21,(anonymous_9)
FNDA:39,adopt
FNDA:12,(anonymous_11)
FNDA:21,(anonymous_12)
FNDA:32,fulfilled
FNDA:7,rejected
FNDA:57,step
FNDA:3,(anonymous_16)
FNDA:8,(anonymous_17)
FNDA:11,(anonymous_18)
FNDA:11,(anonymous_19)
FNDA:3,(anonymous_20)
FNDA:3,(anonymous_21)
FNDA:7,(anonymous_22)
FNDA:7,(anonymous_23)
DA:2,3
DA:3,0
DA:4,0
DA:5,0
DA:6,0
DA:8,0
DA:10,0
DA:11,0
DA:13,3
DA:14,0
DA:16,0
DA:18,3
DA:19,3
DA:20,0
DA:21,0
DA:22,0
DA:23,0
DA:25,0
DA:27,3
DA:28,3
DA:29,0
DA:30,0
DA:31,0
DA:32,0
DA:35,3
DA:36,39
DA:37,21
DA:38,32
DA:39,7
DA:40,57
DA:41,21
DA:44,3
DA:45,3
DA:47,3
DA:48,3
DA:49,3
DA:50,3
DA:60,8
DA:63,11
DA:65,11
DA:68,8
DA:69,8
DA:73,6
DA:78,2
DA:82,2
DA:86,2
DA:87,2
DA:90,0
DA:95,3
DA:97,3
DA:104,7
DA:105,7
DA:109,7
DA:110,7
DA:111,8
DA:113,8
DA:116,6
DA:119,2
DA:120,2
DA:122,0
DA:125,7
DA:129,3
DA:130,3
LF:63
LH:43
BRDA:2,0,0,3
BRDA:2,0,1,3
BRDA:2,0,2,3
BRDA:2,1,0,3
BRDA:2,1,1,0
BRDA:3,2,0,0
BRDA:3,2,1,0
BRDA:5,3,0,0
BRDA:5,3,1,0
BRDA:5,4,0,0
BRDA:5,4,1,0
BRDA:5,5,0,0
BRDA:5,5,1,0
BRDA:5,6,0,0
BRDA:5,6,1,0
BRDA:10,7,0,0
BRDA:10,7,1,0
BRDA:13,8,0,3
BRDA:13,8,1,3
BRDA:13,8,2,3
BRDA:13,9,0,3
BRDA:13,9,1,0
BRDA:18,10,0,3
BRDA:18,10,1,3
BRDA:18,10,2,3
BRDA:20,11,0,0
BRDA:20,11,1,0
BRDA:22,12,0,0
BRDA:22,12,1,0
BRDA:28,13,0,3
BRDA:28,13,1,0
BRDA:28,14,0,3
BRDA:28,14,1,3
BRDA:30,15,0,0
BRDA:30,15,1,0
BRDA:30,16,0,0
BRDA:30,16,1,0
BRDA:35,17,0,3
BRDA:35,17,1,3
BRDA:35,17,2,3
BRDA:36,18,0,27
BRDA:36,18,1,12
BRDA:37,19,0,21
BRDA:37,19,1,21
BRDA:40,20,0,18
BRDA:40,20,1,39
BRDA:41,21,0,21
BRDA:41,21,1,21
BRDA:44,22,0,3
BRDA:44,22,1,3
BRDA:44,22,2,3
BRDA:45,23,0,3
BRDA:45,23,1,0
BRDA:45,24,0,3
BRDA:45,24,1,3
BRDA:59,25,0,3
BRDA:78,26,0,2
BRDA:78,26,1,0
BRDA:78,27,0,2
BRDA:78,27,1,2
BRDA:78,27,2,2
BRDA:78,27,3,2
BRDA:86,28,0,2
BRDA:86,28,1,0
BRDA:119,29,0,2
BRDA:119,29,1,0
BRF:66
BRH:39
end_of_record
TN:
SF:src/validators/client.validators.ts
FN:17,(anonymous_0)
FN:22,(anonymous_1)
FN:31,(anonymous_2)
FN:46,(anonymous_3)
FN:72,(anonymous_4)
FNF:5
FNH:5
FNDA:9,(anonymous_0)
FNDA:2,(anonymous_1)
FNDA:9,(anonymous_2)
FNDA:23,(anonymous_3)
FNDA:12,(anonymous_4)
DA:2,2
DA:3,2
DA:4,2
DA:5,2
DA:6,2
DA:17,9
DA:23,2
DA:24,0
DA:26,2
DA:27,1
DA:29,1
DA:32,9
DA:33,9
DA:34,3
DA:39,6
DA:42,2
DA:47,23
DA:48,23
DA:49,4
DA:54,19
DA:57,2
DA:73,12
DA:74,12
DA:75,6
DA:80,6
LF:25
LH:24
BRDA:17,0,0,9
BRDA:17,0,1,0
BRDA:23,1,0,0
BRDA:23,1,1,2
BRDA:23,2,0,2
BRDA:23,2,1,2
BRDA:23,2,2,2
BRDA:26,3,0,1
BRDA:26,3,1,1
BRDA:26,4,0,2
BRDA:26,4,1,2
BRDA:33,5,0,3
BRDA:33,5,1,6
BRDA:48,6,0,4
BRDA:48,6,1,19
BRDA:74,7,0,6
BRDA:74,7,1,6
BRF:17
BRH:15
end_of_record
